#
# There is insufficient memory for the Java Runtime Environment to continue.
# Native memory allocation (malloc) failed to allocate 73072 bytes for Chunk::new
# Possible reasons:
#   The system is out of physical RAM or swap space
#   In 32 bit mode, the process size limit was hit
# Possible solutions:
#   Reduce memory load on the system
#   Increase physical memory or swap space
#   Check if swap backing store is full
#   Use 64 bit Java on a 64 bit OS
#   Decrease Java heap size (-Xmx/-Xms)
#   Decrease number of Java threads
#   Decrease Java thread stack sizes (-Xss)
#   Set larger code cache with -XX:ReservedCodeCacheSize=
# This output file may be truncated or incomplete.
#
#  Out of Memory Error (allocation.cpp:390), pid=142348, tid=0x000000000002eb74
#
# JRE version: OpenJDK Runtime Environment (8.0_76-b03) (build 1.8.0_76-release-b03)
# Java VM: OpenJDK 64-Bit Server VM (25.76-b03 mixed mode windows-amd64 compressed oops)
# Failed to write core dump. Minidumps are not enabled by default on client versions of Windows
#

---------------  T H R E A D  ---------------

Current thread (0x0000000017939000):  JavaThread "C2 CompilerThread1" daemon [_thread_in_native, id=191348, stack(0x0000000019340000,0x0000000019440000)]

Stack: [0x0000000019340000,0x0000000019440000]
[error occurred during error reporting (printing stack bounds), id 0xc0000005]

Native frames: (J=compiled Java code, j=interpreted, Vv=VM code, C=native code)


Current CompileTask:
C2:   1563  583 %     4       net.orfjackal.retrolambda.asm.ClassReader::readCode @ 74 (3271 bytes)


---------------  P R O C E S S  ---------------

Java Threads: ( => current thread )
  0x0000000018ce6000 JavaThread "Service Thread" daemon [_thread_blocked, id=191164, stack(0x0000000019540000,0x0000000019640000)]
  0x0000000017942000 JavaThread "C1 CompilerThread2" daemon [_thread_blocked, id=190080, stack(0x0000000019440000,0x0000000019540000)]
=>0x0000000017939000 JavaThread "C2 CompilerThread1" daemon [_thread_in_native, id=191348, stack(0x0000000019340000,0x0000000019440000)]
  0x0000000017937000 JavaThread "C2 CompilerThread0" daemon [_thread_blocked, id=189908, stack(0x0000000019240000,0x0000000019340000)]
  0x0000000017915800 JavaThread "Attach Listener" daemon [_thread_blocked, id=191420, stack(0x0000000019140000,0x0000000019240000)]
  0x0000000018c83800 JavaThread "Signal Dispatcher" daemon [_thread_blocked, id=169828, stack(0x0000000019040000,0x0000000019140000)]
  0x00000000178da000 JavaThread "Finalizer" daemon [_thread_blocked, id=159576, stack(0x0000000018b40000,0x0000000018c40000)]
  0x0000000002c46000 JavaThread "Reference Handler" daemon [_thread_blocked, id=190580, stack(0x0000000018a40000,0x0000000018b40000)]

Other Threads:
  0x00000000178b4800 VMThread [stack: 0x0000000018940000,0x0000000018a40000] [id=189940]

VM state:at safepoint (normal execution)

VM Mutex/Monitor currently owned by a thread:  ([mutex/lock_event])
[0x0000000002b53e20] Threads_lock - owner thread: 0x00000000178b4800
[0x0000000002b54420] Heap_lock - owner thread: 0x0000000002b57000

Heap:
 PSYoungGen      total 38400K, used 15135K [0x00000000d5a00000, 0x00000000da500000, 0x0000000100000000)
  eden space 33280K, 30% used [0x00000000d5a00000,0x00000000d63c9ef0,0x00000000d7a80000)
  from space 5120K, 99% used [0x00000000d7a80000,0x00000000d7f7df58,0x00000000d7f80000)
  to   space 5120K, 0% used [0x00000000da000000,0x00000000da000000,0x00000000da500000)
 ParOldGen       total 87552K, used 4865K [0x0000000080e00000, 0x0000000086380000, 0x00000000d5a00000)
  object space 87552K, 5% used [0x0000000080e00000,0x00000000812c06f8,0x0000000086380000)
 Metaspace       used 6004K, capacity 6360K, committed 6528K, reserved 1056768K
  class space    used 652K, capacity 772K, committed 896K, reserved 1048576K

Card table byte_map: [0x0000000012110000,0x0000000012510000] byte_map_base: 0x0000000011d09000

Marking Bits: (ParMarkBitMap*) 0x0000000052b49d00
 Begin Bits: [0x0000000012bc0000, 0x0000000014b88000)
 End Bits:   [0x0000000014b88000, 0x0000000016b50000)

Polling page: 0x0000000000a20000

CodeCache: size=245760Kb used=3432Kb max_used=3432Kb free=242327Kb
 bounds [0x0000000002d50000, 0x00000000030b0000, 0x0000000011d50000]
 total_blobs=1182 nmethods=884 adapters=212
 compilation: enabled

Compilation events (10 events):
Event: 1.281 Thread 0x0000000017942000  881   !   3       sun.nio.fs.WindowsFileSystemProvider::createDirectory (99 bytes)
Event: 1.282 Thread 0x0000000017942000 nmethod 881 0x00000000030a78d0 code [0x00000000030a7be0, 0x00000000030a8f88]
Event: 1.282 Thread 0x0000000017942000  882       3       sun.nio.fs.WindowsPath::checkWrite (17 bytes)
Event: 1.282 Thread 0x0000000017942000 nmethod 882 0x00000000030a3e10 code [0x00000000030a3f80, 0x00000000030a42c8]
Event: 1.282 Thread 0x0000000017942000  883   !   3       sun.nio.fs.WindowsNativeDispatcher::CreateDirectory (30 bytes)
Event: 1.282 Thread 0x0000000017942000 nmethod 883 0x00000000030a7150 code [0x00000000030a7300, 0x00000000030a7698]
Event: 1.284 Thread 0x0000000017942000  885       3       sun.nio.fs.WindowsPath::getParent (74 bytes)
Event: 1.285 Thread 0x0000000017942000 nmethod 885 0x00000000030aa810 code [0x00000000030aa9e0, 0x00000000030ab468]
Event: 1.309 Thread 0x0000000017942000  886       3       sun.nio.fs.WindowsFileAttributes::fromFileAttributeData (104 bytes)
Event: 1.309 Thread 0x0000000017942000 nmethod 886 0x00000000030ab850 code [0x00000000030ab9c0, 0x00000000030abc28]

GC Heap History (2 events):
Event: 0.717 GC heap before
{Heap before GC invocations=1 (full 0):
 PSYoungGen      total 38400K, used 33280K [0x00000000d5a00000, 0x00000000d8480000, 0x0000000100000000)
  eden space 33280K, 100% used [0x00000000d5a00000,0x00000000d7a80000,0x00000000d7a80000)
  from space 5120K, 0% used [0x00000000d7f80000,0x00000000d7f80000,0x00000000d8480000)
  to   space 5120K, 0% used [0x00000000d7a80000,0x00000000d7a80000,0x00000000d7f80000)
 ParOldGen       total 87552K, used 0K [0x0000000080e00000, 0x0000000086380000, 0x00000000d5a00000)
  object space 87552K, 0% used [0x0000000080e00000,0x0000000080e00000,0x0000000086380000)
 Metaspace       used 5916K, capacity 6168K, committed 6528K, reserved 1056768K
  class space    used 651K, capacity 772K, committed 896K, reserved 1048576K
Event: 0.725 GC heap after
Heap after GC invocations=1 (full 0):
 PSYoungGen      total 38400K, used 5111K [0x00000000d5a00000, 0x00000000da500000, 0x0000000100000000)
  eden space 33280K, 0% used [0x00000000d5a00000,0x00000000d5a00000,0x00000000d7a80000)
  from space 5120K, 99% used [0x00000000d7a80000,0x00000000d7f7df58,0x00000000d7f80000)
  to   space 5120K, 0% used [0x00000000da000000,0x00000000da000000,0x00000000da500000)
 ParOldGen       total 87552K, used 4865K [0x0000000080e00000, 0x0000000086380000, 0x00000000d5a00000)
  object space 87552K, 5% used [0x0000000080e00000,0x00000000812c06f8,0x0000000086380000)
 Metaspace       used 5916K, capacity 6168K, committed 6528K, reserved 1056768K
  class space    used 651K, capacity 772K, committed 896K, reserved 1048576K
}

Deoptimization events (10 events):
Event: 0.432 Thread 0x0000000002b57000 Uncommon trap: reason=class_check action=maybe_recompile pc=0x0000000002f2f5d0 method=net.orfjackal.retrolambda.asm.ClassReader.readField(Lnet/orfjackal/retrolambda/asm/ClassVisitor;Lnet/orfjackal/retrolambda/asm/Context;I)I @ 351
Event: 0.432 Thread 0x0000000002b57000 Uncommon trap: reason=class_check action=maybe_recompile pc=0x0000000002f2f5d0 method=net.orfjackal.retrolambda.asm.ClassReader.readField(Lnet/orfjackal/retrolambda/asm/ClassVisitor;Lnet/orfjackal/retrolambda/asm/Context;I)I @ 351
Event: 0.432 Thread 0x0000000002b57000 Uncommon trap: reason=class_check action=maybe_recompile pc=0x0000000002f2f5d0 method=net.orfjackal.retrolambda.asm.ClassReader.readField(Lnet/orfjackal/retrolambda/asm/ClassVisitor;Lnet/orfjackal/retrolambda/asm/Context;I)I @ 351
Event: 0.484 Thread 0x0000000002b57000 Uncommon trap: reason=unstable_if action=reinterpret pc=0x0000000002f8d968 method=net.orfjackal.retrolambda.asm.ByteVector.putUTF8(Ljava/lang/String;)Lnet/orfjackal/retrolambda/asm/ByteVector; @ 98
Event: 0.591 Thread 0x0000000002b57000 Uncommon trap: reason=bimorphic action=maybe_recompile pc=0x0000000002fbf998 method=net.orfjackal.retrolambda.asm.ClassReader.readField(Lnet/orfjackal/retrolambda/asm/ClassVisitor;Lnet/orfjackal/retrolambda/asm/Context;I)I @ 351
Event: 0.596 Thread 0x0000000002b57000 Uncommon trap: reason=unstable_if action=reinterpret pc=0x0000000002e72438 method=sun.nio.fs.WindowsPathParser.isSlash(C)Z @ 9
Event: 0.601 Thread 0x0000000002b57000 Uncommon trap: reason=unstable_if action=reinterpret pc=0x0000000002fd7a50 method=net.orfjackal.retrolambda.asm.MethodWriter.visitLdcInsn(Ljava/lang/Object;)V @ 60
Event: 0.641 Thread 0x0000000002b57000 Uncommon trap: reason=unstable_if action=reinterpret pc=0x0000000002f91ed4 method=net.orfjackal.retrolambda.asm.Item.isEqualTo(Lnet/orfjackal/retrolambda/asm/Item;)Z @ 345
Event: 0.693 Thread 0x0000000002b57000 Uncommon trap: reason=bimorphic action=maybe_recompile pc=0x0000000002fbf998 method=net.orfjackal.retrolambda.asm.ClassReader.readField(Lnet/orfjackal/retrolambda/asm/ClassVisitor;Lnet/orfjackal/retrolambda/asm/Context;I)I @ 351
Event: 0.702 Thread 0x0000000002b57000 Uncommon trap: reason=bimorphic action=maybe_recompile pc=0x0000000002fbf998 method=net.orfjackal.retrolambda.asm.ClassReader.readField(Lnet/orfjackal/retrolambda/asm/ClassVisitor;Lnet/orfjackal/retrolambda/asm/Context;I)I @ 351

Internal exceptions (10 events):
Event: 1.309 Thread 0x0000000002b57000 Exception <a 'sun/nio/fs/WindowsException'> (0x00000000d6354110) thrown at [C:\src\android\AOSP-openjdk\external\jetbrains\jdk\hotspot\src\share\vm\prims\jni.cpp, line 709]
Event: 1.310 Thread 0x0000000002b57000 Exception <a 'sun/nio/fs/WindowsException'> (0x00000000d6355418) thrown at [C:\src\android\AOSP-openjdk\external\jetbrains\jdk\hotspot\src\share\vm\prims\jni.cpp, line 709]
Event: 1.311 Thread 0x0000000002b57000 Exception <a 'sun/nio/fs/WindowsException'> (0x00000000d6356788) thrown at [C:\src\android\AOSP-openjdk\external\jetbrains\jdk\hotspot\src\share\vm\prims\jni.cpp, line 709]
Event: 1.311 Thread 0x0000000002b57000 Exception <a 'sun/nio/fs/WindowsException'> (0x00000000d6358f18) thrown at [C:\src\android\AOSP-openjdk\external\jetbrains\jdk\hotspot\src\share\vm\prims\jni.cpp, line 709]
Event: 1.312 Thread 0x0000000002b57000 Exception <a 'sun/nio/fs/WindowsException'> (0x00000000d635a8d8) thrown at [C:\src\android\AOSP-openjdk\external\jetbrains\jdk\hotspot\src\share\vm\prims\jni.cpp, line 709]
Event: 1.313 Thread 0x0000000002b57000 Exception <a 'sun/nio/fs/WindowsException'> (0x00000000d635c6e0) thrown at [C:\src\android\AOSP-openjdk\external\jetbrains\jdk\hotspot\src\share\vm\prims\jni.cpp, line 709]
Event: 1.314 Thread 0x0000000002b57000 Exception <a 'sun/nio/fs/WindowsException'> (0x00000000d635fe18) thrown at [C:\src\android\AOSP-openjdk\external\jetbrains\jdk\hotspot\src\share\vm\prims\jni.cpp, line 709]
Event: 1.315 Thread 0x0000000002b57000 Exception <a 'sun/nio/fs/WindowsException'> (0x00000000d6361138) thrown at [C:\src\android\AOSP-openjdk\external\jetbrains\jdk\hotspot\src\share\vm\prims\jni.cpp, line 709]
Event: 1.316 Thread 0x0000000002b57000 Exception <a 'sun/nio/fs/WindowsException'> (0x00000000d6363310) thrown at [C:\src\android\AOSP-openjdk\external\jetbrains\jdk\hotspot\src\share\vm\prims\jni.cpp, line 709]
Event: 1.320 Thread 0x0000000002b57000 Exception <a 'sun/nio/fs/WindowsException'> (0x00000000d6364570) thrown at [C:\src\android\AOSP-openjdk\external\jetbrains\jdk\hotspot\src\share\vm\prims\jni.cpp, line 709]

Events (10 events):
Event: 0.702 Thread 0x0000000002b57000 DEOPT UNPACKING pc=0x0000000002d9556a sp=0x000000000271c680 mode 2
Event: 0.717 Executing VM operation: ParallelGCFailedAllocation
Event: 0.725 Executing VM operation: ParallelGCFailedAllocation done
Event: 1.321 Thread 0x0000000002b57000 Thread exited: 0x0000000002b57000
Event: 1.321 Thread 0x0000000002b57000 Thread added: 0x0000000002b57000
Event: 1.321 loading class java/lang/Shutdown
Event: 1.321 loading class java/lang/Shutdown done
Event: 1.321 loading class java/lang/Shutdown$Lock
Event: 1.321 loading class java/lang/Shutdown$Lock done
Event: 1.321 Thread 0x0000000002b57000 Thread exited: 0x0000000002b57000


Dynamic libraries:
0x00007ff72bef0000 - 0x00007ff72bf21000 	H:\Android Studio\jre\bin\java.exe
0x00007ff906230000 - 0x00007ff90640b000 	C:\Windows\SYSTEM32\ntdll.dll
0x00007ff903850000 - 0x00007ff9038fe000 	C:\Windows\System32\KERNEL32.DLL
0x00007ff902ee0000 - 0x00007ff903129000 	C:\Windows\System32\KERNELBASE.dll
0x00007ff9039d0000 - 0x00007ff903a71000 	C:\Windows\System32\ADVAPI32.dll
0x00007ff905940000 - 0x00007ff9059dd000 	C:\Windows\System32\msvcrt.dll
0x00007ff905770000 - 0x00007ff9057c9000 	C:\Windows\System32\sechost.dll
0x00007ff905470000 - 0x00007ff905595000 	C:\Windows\System32\RPCRT4.dll
0x00007ff905c20000 - 0x00007ff905d6a000 	C:\Windows\System32\USER32.dll
0x00007ff902ec0000 - 0x00007ff902ede000 	C:\Windows\System32\win32u.dll
0x00007ff905e20000 - 0x00007ff905e47000 	C:\Windows\System32\GDI32.dll
0x00007ff903130000 - 0x00007ff9032b8000 	C:\Windows\System32\gdi32full.dll
0x00007ff903520000 - 0x00007ff9035ba000 	C:\Windows\System32\msvcp_win.dll
0x00007ff903320000 - 0x00007ff903416000 	C:\Windows\System32\ucrtbase.dll
0x00007ff8f4150000 - 0x00007ff8f43b7000 	C:\Windows\WinSxS\amd64_microsoft.windows.common-controls_6595b64144ccf1df_6.0.15063.483_none_26002d27e7c744a2\COMCTL32.dll
0x00007ff905e50000 - 0x00007ff906149000 	C:\Windows\System32\combase.dll
0x00007ff902750000 - 0x00007ff9027ba000 	C:\Windows\System32\bcryptPrimitives.dll
0x00007ff9039a0000 - 0x00007ff9039cd000 	C:\Windows\System32\IMM32.DLL
0x00000000520b0000 - 0x0000000052182000 	H:\Android Studio\jre\jre\bin\msvcr100.dll
0x0000000052390000 - 0x0000000052bc4000 	H:\Android Studio\jre\jre\bin\server\jvm.dll
0x00007ff903a90000 - 0x00007ff903a98000 	C:\Windows\System32\PSAPI.DLL
0x00007ff8fe1d0000 - 0x00007ff8fe1d9000 	C:\Windows\SYSTEM32\WSOCK32.dll
0x00007ff9061c0000 - 0x00007ff90622c000 	C:\Windows\System32\WS2_32.dll
0x00007ff900c20000 - 0x00007ff900c43000 	C:\Windows\SYSTEM32\WINMM.dll
0x00007ff8fe5f0000 - 0x00007ff8fe5fa000 	C:\Windows\SYSTEM32\VERSION.dll
0x00007ff900930000 - 0x00007ff90095b000 	C:\Windows\SYSTEM32\WINMMBASE.dll
0x00007ff903420000 - 0x00007ff903469000 	C:\Windows\System32\cfgmgr32.dll
0x00007ff8fc320000 - 0x00007ff8fc32f000 	H:\Android Studio\jre\jre\bin\verify.dll
0x00007ff8f8c50000 - 0x00007ff8f8c79000 	H:\Android Studio\jre\jre\bin\java.dll
0x00007ff8fe2d0000 - 0x00007ff8fe2f3000 	H:\Android Studio\jre\jre\bin\instrument.dll
0x00007ff8fa5b0000 - 0x00007ff8fa5c6000 	H:\Android Studio\jre\jre\bin\zip.dll
0x00007ff904030000 - 0x00007ff905466000 	C:\Windows\System32\SHELL32.dll
0x00007ff905d70000 - 0x00007ff905e1a000 	C:\Windows\System32\shcore.dll
0x00007ff9027c0000 - 0x00007ff902eb3000 	C:\Windows\System32\windows.storage.dll
0x00007ff9057d0000 - 0x00007ff905821000 	C:\Windows\System32\shlwapi.dll
0x00007ff9026a0000 - 0x00007ff9026b1000 	C:\Windows\System32\kernel.appcore.dll
0x00007ff9026e0000 - 0x00007ff90272c000 	C:\Windows\System32\powrprof.dll
0x00007ff902730000 - 0x00007ff902745000 	C:\Windows\System32\profapi.dll
0x00007ff8f9bb0000 - 0x00007ff8f9bca000 	H:\Android Studio\jre\jre\bin\net.dll
0x00007ff901f20000 - 0x00007ff901f7c000 	C:\Windows\system32\mswsock.dll
0x00007ff8f34d0000 - 0x00007ff8f34e1000 	H:\Android Studio\jre\jre\bin\nio.dll

VM Arguments:
jvm_args: -Dretrolambda.bytecodeVersion=50 -Dretrolambda.classpath=H:\mobile\code\trunk\as\library\gaodemap\build\intermediates\exploded-aar\shipper.library\yaoguang.style\unspecified\jars\classes.jar;H:\mobile\code\trunk\as\library\gaodemap\build\intermediates\exploded-aar\cn.pedant.sweetalert\library\1.3\jars\classes.jar;H:\mobile\code\trunk\as\library\gaodemap\build\intermediates\exploded-aar\com.pnikosis\materialish-progress\1.0\jars\classes.jar;H:\mobile\code\trunk\as\library\gaodemap\build\intermediates\exploded-aar\com.shehabic.droppy\Droppy\0.5.1\jars\classes.jar;H:\mobile\code\trunk\as\library\gaodemap\build\intermediates\exploded-aar\com.cocosw\bottomsheet\1.3.0\jars\classes.jar;H:\mobile\code\trunk\as\library\gaodemap\build\intermediates\exploded-aar\shipper.library\netmodule\unspecified\jars\classes.jar;H:\mobile\code\trunk\as\library\gaodemap\build\intermediates\exploded-aar\io.reactivex.rxjava2\rxandroid\2.0.1\jars\classes.jar;H:\mobile\code\trunk\as\library\gaodemap\build\intermediates\exploded-aar\shipper.library\yaoguang.common\unspecified\jars\classes.jar;H:\mobile\code\trunk\as\library\gaodemap\build\intermediates\exploded-aar\com.android.support\percent\25.3.1\jars\classes.jar;H:\mobile\code\trunk\as\library\gaodemap\build\intermediates\exploded-aar\pub.devrel\easypermissions\0.4.0\jars\classes.jar;H:\mobile\code\trunk\as\library\gaodemap\build\intermediates\exploded-aar\com.daimajia.numberprogressbar\library\1.4\jars\classes.jar;H:\mobile\code\trunk\as\library\gaodemap\build\intermediates\exploded-aar\shipper.library\yaoguang.greendao\unspecified\jars\classes.jar;H:\mobile\code\trunk\as\library\gaodemap\build\intermediates\exploded-aar\com.contrarywind\Android-PickerView\3.2.5\jars\classes.jar;H:\mobile\code\trunk\as\library\gaodemap\build\intermediates\exploded-aar\shipper.library\floatingsearchview\unspecified\jars\classes.jar;H:\mobile\code\trunk\as\library\gaodemap\build\intermediates\exploded-aar\com.android.support\design\25.3.1\jars\classes.jar;H:\mobile\code\trunk\as\library\gao-Dretrolambda.inputDir=H:\mobile\code\trunk\as\library\gaodemap\build\retrolambda\release -Dretrolambda.outputDir=H:\mobile\code\trunk\as\library\gaodemap\build\intermediates\classes\release -javaagent:C:\Users\zhongjh\.gradle\caches\modules-2\files-2.1\net.orfjackal.retrolambda\retrolambda\2.0.2\dcf507a8e79c004d7a04c73472fffc6bd853d3f2\retrolambda-2.0.2.jar -Dfile.encoding=GBK -Duser.country=CN -Duser.language=zh -Duser.variant 
java_command: net.orfjackal.retrolambda.Main
java_class_path (initial): C:\Users\zhongjh\.gradle\caches\modules-2\files-2.1\net.orfjackal.retrolambda\retrolambda\2.0.2\dcf507a8e79c004d7a04c73472fffc6bd853d3f2\retrolambda-2.0.2.jar;C:\Users\zhongjh\.gradle\caches\modules-2\files-2.1\net.orfjackal.retrolambda\retrolambda\2.0.2\dcf507a8e79c004d7a04c73472fffc6bd853d3f2\retrolambda-2.0.2.jar
Launcher Type: SUN_STANDARD

Environment Variables:
PATH=C:\ProgramData\Oracle\Java\javapath;C:\Windows\system32;C:\Windows;C:\Windows\System32\Wbem;C:\Windows\System32\WindowsPowerShell\v1.0\;D:\svn\bin;D:\Git\cmd;C:\Program Files\TortoiseGit\bin;C:\Program Files\Java\jdk1.8.0_144\bin;C:\Users\zhongjh\AppData\Local\Microsoft\WindowsApps;
USERNAME=zhongjh
OS=Windows_NT
PROCESSOR_IDENTIFIER=Intel64 Family 6 Model 94 Stepping 3, GenuineIntel



---------------  S Y S T E M  ---------------

OS: Windows 10.0 , 64 bit Build 15063 (10.0.15063.296)

CPU:total 4 (2 cores per cpu, 2 threads per core) family 6 model 94 stepping 3, cmov, cx8, fxsr, mmx, sse, sse2, sse3, ssse3, sse4.1, sse4.2, popcnt, avx, avx2, aes, clmul, erms, 3dnowpref, lzcnt, ht, tsc, tscinvbit, bmi1, bmi2, adx

Memory: 4k page, physical 8330764k(1553744k free), swap 14884360k(4368k free)

vm_info: OpenJDK 64-Bit Server VM (25.76-b03) for windows-amd64 JRE (1.8.0_76-release-b03), built on Jun 29 2016 19:09:20 by "ralucas" with MS VC++ 10.0 (VS2010)

time: Tue Sep 26 11:56:22 2017
elapsed time: 1 seconds (0d 0h 0m 1s)

