JvmtiExport can_access_local_variables 0
JvmtiExport can_hotswap_or_post_breakpoint 0
JvmtiExport can_post_on_exceptions 0
# 204 ciObject found
ciMethod java/lang/Object <init> ()V 4097 1 75698 0 0
ciMethod java/lang/String <init> ([CII)V 3601 1 5934 0 736
ciMethod java/lang/String equals (Ljava/lang/Object;)Z 3977 16385 3735 0 -1
ciMethod java/lang/String toCharArray ()[C 3073 1 2214 0 -1
ciMethod java/lang/System arraycopy (Ljava/lang/Object;ILjava/lang/Object;II)V 11265 1 1408 0 -1
ciMethod java/lang/Number <init> ()V 3289 1 9357 0 0
ciMethod java/lang/Integer <init> (I)V 2153 1 8581 0 0
ciMethod java/lang/Math min (II)I 4097 1 12485 0 -1
ciMethod java/util/Arrays copyOfRange ([CII)[C 3849 1 5652 0 512
ciMethodData java/lang/Object <init> ()V 2 75698 orig 264 8 30 147 82 0 0 0 0 128 4 245 22 0 0 0 0 32 1 0 0 0 0 0 0 0 0 0 0 0 0 0 0 0 0 0 0 0 0 0 0 0 0 0 0 0 0 0 0 0 0 0 0 0 0 0 0 0 0 0 0 0 0 0 0 0 0 0 0 0 0 0 0 0 0 0 0 0 0 0 0 77 68 79 32 101 120 116 114 97 32 100 97 116 97 32 108 111 99 107 0 0 0 0 0 0 0 0 0 0 0 0 0 0 0 0 0 0 0 0 0 0 0 0 0 0 0 0 0 0 0 0 0 0 0 0 0 0 0 0 0 0 0 0 0 0 0 0 0 0 0 0 0 0 0 0 0 0 0 0 0 0 0 0 0 0 0 0 0 0 0 0 0 0 0 0 0 0 0 0 0 0 0 0 0 0 0 0 0 0 0 0 0 0 0 0 0 0 0 0 0 0 0 0 0 0 0 0 0 0 0 0 0 0 0 0 0 0 2 0 0 145 45 9 0 1 0 0 0 0 0 0 0 0 0 0 0 2 0 0 0 0 0 3 0 1 0 0 0 0 0 0 0 255 255 255 255 0 0 0 0 0 0 0 0 data 0 oops 0
ciMethodData java/util/Arrays copyOfRange ([CII)[C 2 5652 orig 264 8 30 147 82 0 0 0 0 152 138 6 23 0 0 0 0 120 2 0 0 240 0 0 0 0 0 0 0 0 0 0 0 0 0 0 0 0 0 0 0 0 0 0 0 0 0 0 0 0 0 0 0 0 0 0 0 0 0 0 0 0 0 0 0 0 0 0 0 0 0 0 0 0 0 0 0 0 0 0 0 77 68 79 32 101 120 116 114 97 32 100 97 116 97 32 108 111 99 107 0 0 0 0 0 0 0 0 0 0 0 0 0 0 0 0 0 0 0 0 0 0 0 0 0 0 0 0 0 0 0 0 0 0 0 0 0 0 0 0 0 0 0 0 0 0 0 0 0 0 0 0 0 0 0 0 0 0 0 0 0 0 0 0 0 0 0 0 0 0 0 0 0 0 0 0 0 0 0 0 0 0 0 0 0 0 0 0 0 0 0 0 0 0 0 0 0 0 0 0 0 0 0 0 0 0 0 0 0 0 0 0 0 0 0 0 0 225 1 0 0 153 161 0 0 1 0 0 0 0 0 0 0 0 0 0 0 2 0 0 0 0 0 9 0 2 0 0 0 32 1 0 0 255 255 255 255 7 0 5 0 0 0 0 0 data 36 0x50007 0x1433 0x100 0x0 0x100002 0x0 0x140005 0x0 0x0 0x0 0x0 0x0 0x190005 0x0 0x0 0x0 0x0 0x0 0x1d0005 0x0 0x0 0x0 0x0 0x0 0x200005 0x0 0x0 0x0 0x0 0x0 0x230002 0x0 0x360002 0x1433 0x390002 0x1433 oops 0
ciMethodData java/lang/String <init> ([CII)V 2 5934 orig 264 8 30 147 82 0 0 0 0 160 49 245 22 0 0 0 0 80 2 0 0 208 0 0 0 0 0 0 0 0 0 0 0 0 0 0 0 0 0 0 0 0 0 0 0 0 0 0 0 0 0 0 0 0 0 0 0 0 0 0 0 0 0 0 0 0 0 0 0 0 0 0 0 0 0 0 0 0 0 0 0 77 68 79 32 101 120 116 114 97 32 100 97 116 97 32 108 111 99 107 0 0 0 0 0 0 0 0 0 0 0 0 0 0 0 0 0 0 0 0 0 0 0 0 0 0 0 0 0 0 0 0 0 0 0 0 0 0 0 0 0 0 0 0 0 0 0 0 0 0 0 0 0 0 0 0 0 0 0 0 0 0 0 0 0 0 0 0 0 0 0 0 0 0 0 0 0 0 0 0 0 0 0 0 0 0 0 0 0 0 0 0 0 0 0 0 0 0 0 0 0 0 0 0 0 0 0 0 0 0 0 0 0 0 0 0 0 194 1 0 0 97 171 0 0 1 0 0 0 0 0 0 0 0 0 0 0 2 0 0 0 0 0 14 0 2 0 0 0 240 0 0 0 255 255 255 255 2 0 1 0 0 0 0 0 data 30 0x10002 0x156c 0x50007 0x156c 0x30 0x0 0xd0002 0x0 0x120007 0x1529 0x70 0x43 0x160007 0x43 0x30 0x0 0x1e0002 0x0 0x250007 0x0 0x20 0x43 0x370007 0x1529 0x30 0x0 0x410002 0x0 0x4b0002 0x1529 oops 0
ciMethodData java/lang/String toCharArray ()[C 2 2512 orig 264 8 30 147 82 0 0 0 0 232 110 245 22 0 0 0 0 88 1 0 0 0 0 0 0 0 0 0 0 0 0 0 0 0 0 0 0 0 0 0 0 0 0 0 0 0 0 0 0 0 0 0 0 0 0 0 0 0 0 0 0 0 0 0 0 0 0 0 0 0 0 0 0 0 0 0 0 0 0 0 0 77 68 79 32 101 120 116 114 97 32 100 97 116 97 32 108 111 99 107 0 0 0 0 0 0 0 0 0 0 0 0 0 0 0 0 0 0 0 0 0 0 0 0 0 0 0 0 0 0 0 0 0 0 0 0 0 0 0 0 0 0 0 0 0 0 0 0 0 0 0 0 0 0 0 0 0 0 0 0 0 0 0 0 0 0 0 0 0 0 0 0 0 0 0 0 0 0 0 0 0 0 0 0 0 0 0 0 0 0 0 0 0 0 0 0 0 0 0 0 0 0 0 0 0 0 0 0 0 0 0 0 0 0 0 0 0 128 1 0 0 129 66 0 0 1 0 0 0 0 0 0 0 0 0 0 0 2 0 0 0 0 0 3 0 2 0 0 0 16 0 0 0 255 255 255 255 2 0 20 0 0 0 0 0 data 2 0x140002 0x850 oops 0
ciMethodData java/lang/Number <init> ()V 2 9357 orig 264 8 30 147 82 0 0 0 0 232 226 254 22 0 0 0 0 48 1 0 0 0 0 0 0 0 0 0 0 0 0 0 0 0 0 0 0 0 0 0 0 0 0 0 0 0 0 0 0 0 0 0 0 0 0 0 0 0 0 0 0 0 0 0 0 0 0 0 0 0 0 0 0 0 0 0 0 0 0 0 0 77 68 79 32 101 120 116 114 97 32 100 97 116 97 32 108 111 99 107 0 0 0 0 0 0 0 0 0 0 0 0 0 0 0 0 0 0 0 0 0 0 0 0 0 0 0 0 0 0 0 0 0 0 0 0 0 0 0 0 0 0 0 0 0 0 0 0 0 0 0 0 0 0 0 0 0 0 0 0 0 0 0 0 0 0 0 0 0 0 0 0 0 0 0 0 0 0 0 0 0 0 0 0 0 0 0 0 0 0 0 0 0 0 0 0 0 0 0 0 0 0 0 0 0 0 0 0 0 0 0 0 0 0 0 0 0 154 1 0 0 145 23 1 0 1 0 0 0 0 0 0 0 0 0 0 0 2 0 0 0 0 0 3 0 2 0 0 0 16 0 0 0 255 255 255 255 2 0 1 0 0 0 0 0 data 2 0x10002 0x22f2 oops 0
ciMethod net/orfjackal/retrolambda/asm/ClassReader readCode (Lnet/orfjackal/retrolambda/asm/MethodVisitor;Lnet/orfjackal/retrolambda/asm/Context;I)V 1 1 213 0 -1
ciMethod net/orfjackal/retrolambda/asm/ClassReader readTypeAnnotations (Lnet/orfjackal/retrolambda/asm/MethodVisitor;Lnet/orfjackal/retrolambda/asm/Context;IZ)[I 0 0 1 0 0
ciMethod net/orfjackal/retrolambda/asm/ClassReader readAnnotationTarget (Lnet/orfjackal/retrolambda/asm/Context;I)I 0 0 1 0 -1
ciMethod net/orfjackal/retrolambda/asm/ClassReader readAnnotationValues (I[CZLnet/orfjackal/retrolambda/asm/AnnotationVisitor;)I 1 1 1 0 -1
ciMethod net/orfjackal/retrolambda/asm/ClassReader getImplicitFrame (Lnet/orfjackal/retrolambda/asm/Context;)V 0 0 1 0 -1
ciMethod net/orfjackal/retrolambda/asm/ClassReader readFrame (IZZLnet/orfjackal/retrolambda/asm/Context;)I 145 33 22 0 0
ciMethod net/orfjackal/retrolambda/asm/ClassReader readFrameType ([Ljava/lang/Object;II[C[Lnet/orfjackal/retrolambda/asm/Label;)I 793 1 5 0 -1
ciMethod net/orfjackal/retrolambda/asm/ClassReader readLabel (I[Lnet/orfjackal/retrolambda/asm/Label;)Lnet/orfjackal/retrolambda/asm/Label; 4097 1 8463 0 0
ciMethod net/orfjackal/retrolambda/asm/ClassReader readByte (I)I 0 0 1 0 0
ciMethod net/orfjackal/retrolambda/asm/ClassReader readUnsignedShort (I)I 2073 1 175639 0 160
ciMethod net/orfjackal/retrolambda/asm/ClassReader readShort (I)S 817 1 328 0 0
ciMethod net/orfjackal/retrolambda/asm/ClassReader readInt (I)I 153 1 1070 0 192
ciMethod net/orfjackal/retrolambda/asm/ClassReader readUTF8 (I[C)Ljava/lang/String; 2193 1 26688 0 1984
ciMethod net/orfjackal/retrolambda/asm/ClassReader readUTF (II[C)Ljava/lang/String; 977 16393 7159 0 1280
ciMethod net/orfjackal/retrolambda/asm/ClassReader readClass (I[C)Ljava/lang/String; 2065 1 11386 0 0
ciMethod net/orfjackal/retrolambda/asm/ClassReader readConst (I[C)Ljava/lang/Object; 1 1 7881 0 0
ciMethod net/orfjackal/retrolambda/asm/Type <init> (I[CII)V 2057 1 927 0 -1
ciMethod net/orfjackal/retrolambda/asm/Type getObjectType (Ljava/lang/String;)Lnet/orfjackal/retrolambda/asm/Type; 2209 1 915 0 0
ciMethod net/orfjackal/retrolambda/asm/Type getMethodType (Ljava/lang/String;)Lnet/orfjackal/retrolambda/asm/Type; 0 0 2 0 0
ciMethod net/orfjackal/retrolambda/asm/Type getType ([CI)Lnet/orfjackal/retrolambda/asm/Type; 1 1 3 0 -1
ciMethod net/orfjackal/retrolambda/asm/Attribute read (Lnet/orfjackal/retrolambda/asm/ClassReader;II[CI[Lnet/orfjackal/retrolambda/asm/Label;)Lnet/orfjackal/retrolambda/asm/Attribute; 0 0 1 0 -1
ciMethodData net/orfjackal/retrolambda/asm/ClassReader readUnsignedShort (I)I 2 179724 orig 264 8 30 147 82 0 0 0 0 112 140 55 23 0 0 0 0 40 1 0 0 0 0 0 0 0 0 0 0 0 0 0 0 0 0 0 0 0 0 0 0 0 0 0 0 0 0 0 0 0 0 0 0 0 0 0 0 0 0 0 0 0 0 0 0 0 0 0 0 0 0 0 0 0 0 0 0 0 0 0 0 77 68 79 32 101 120 116 114 97 32 100 97 116 97 32 108 111 99 107 0 0 0 0 0 0 0 0 0 0 0 0 0 0 0 0 0 0 0 0 0 0 0 0 0 0 0 0 0 0 0 0 0 0 0 0 0 0 0 0 0 0 0 0 0 0 0 0 0 0 0 0 0 0 0 0 0 0 0 0 0 0 0 0 0 0 0 0 0 0 0 0 0 0 0 0 0 0 0 0 0 0 0 0 0 1 0 0 0 0 0 0 0 0 0 0 0 0 0 0 0 1 0 0 0 0 0 0 0 0 0 0 0 0 0 0 0 3 1 0 0 73 232 21 0 1 0 0 0 0 0 0 0 0 0 0 0 2 0 0 0 0 0 3 0 1 0 0 0 0 0 0 0 255 255 255 255 0 0 0 0 0 0 0 0 data 0 oops 0
ciMethodData net/orfjackal/retrolambda/asm/ClassReader readUTF (II[C)Ljava/lang/String; 2 166863 orig 264 8 30 147 82 0 0 0 0 248 145 55 23 0 0 0 0 152 2 0 0 112 0 0 0 0 0 0 0 0 0 0 0 0 0 0 0 0 0 0 0 0 0 0 0 0 0 0 0 0 0 0 0 0 0 0 0 0 0 0 0 0 0 0 0 0 0 0 0 0 0 0 0 0 0 0 0 0 0 0 0 77 68 79 32 101 120 116 114 97 32 100 97 116 97 32 108 111 99 107 0 0 0 0 0 0 0 0 0 0 0 0 0 0 0 0 0 0 0 0 0 0 0 0 0 0 0 0 0 0 0 0 0 0 0 0 0 0 0 0 0 0 0 0 0 1 0 0 0 0 0 0 0 0 0 0 0 0 0 0 0 0 0 0 0 0 0 0 0 0 0 0 0 0 0 0 0 0 0 0 1 0 0 0 0 0 0 0 0 0 0 0 0 0 0 0 0 0 0 0 0 0 0 0 0 0 0 0 0 0 0 0 0 0 0 0 0 1 8 0 0 233 219 0 0 113 30 20 0 129 10 0 0 0 6 1 0 2 0 0 0 1 0 18 0 2 0 0 0 88 1 0 0 255 255 255 255 7 0 23 0 0 0 0 0 data 43 0x170007 0x1b7e 0x148 0x283cd 0x250008 0x8 0x0 0x110 0x8dc 0x50 0x2c 0xf8 0x2c 0x110 0x4de007 0x2c 0x38 0x2834a 0x5a0003 0x2834a 0xa0 0x620007 0x2c 0x58 0x0 0x6a0007 0x0 0x38 0x0 0x780003 0x0 0x48 0x860003 0x2c 0x30 0x9f0003 0x2c 0x18 0xb30003 0x283ce 0xfffffffffffffed0 0xbe0002 0x1b7e oops 0
ciMethodData net/orfjackal/retrolambda/asm/ClassReader readUTF8 (I[C)Ljava/lang/String; 2 26688 orig 264 8 30 147 82 0 0 0 0 24 144 55 23 0 0 0 0 88 2 0 0 48 0 0 0 0 0 0 0 0 0 0 0 0 0 0 0 0 0 0 0 0 0 0 0 0 0 0 0 0 0 0 0 0 0 0 0 0 0 0 0 0 0 0 0 0 0 0 0 0 0 0 0 0 0 0 0 0 0 0 0 77 68 79 32 101 120 116 114 97 32 100 97 116 97 32 108 111 99 107 0 0 0 0 0 0 0 0 0 0 0 0 0 0 0 0 0 0 0 0 0 0 0 0 0 0 0 0 0 0 0 0 0 0 0 0 0 0 0 0 0 0 0 0 0 1 0 0 0 0 0 0 0 0 0 0 0 0 0 0 0 0 0 0 0 0 0 0 0 0 0 0 0 0 0 0 0 0 0 0 1 0 0 0 0 0 0 0 0 0 0 0 0 0 0 0 0 0 0 0 0 0 0 0 0 0 0 0 0 0 0 0 0 0 0 0 0 18 1 0 0 113 57 3 0 1 0 0 0 170 35 0 0 0 0 0 0 2 0 0 0 0 0 10 0 2 0 0 0 0 1 0 0 255 255 255 255 5 0 2 0 0 0 0 0 data 32 0x20005 0x0 0x19eb1000 0x672e 0x0 0x0 0x7e007 0x13 0x40 0x671c 0xb0007 0x6709 0x20 0x13 0x1a0007 0x3638 0x20 0x30d1 0x320005 0x0 0x19eb1000 0x3638 0x0 0x0 0x360002 0x3638 0x3a0004 0x0 0x1791f3f0 0x3638 0x0 0x0 oops 3