JvmtiExport can_access_local_variables 0
JvmtiExport can_hotswap_or_post_breakpoint 0
JvmtiExport can_post_on_exceptions 0
# 134 ciObject found
ciMethod java/lang/Object <init> ()V 4097 1 109242 0 0
ciMethod java/lang/String length ()I 4097 1 42543 0 64
ciMethod java/lang/String charAt (I)C 4097 1 331635 0 128
ciMethod java/lang/String equals (Ljava/lang/Object;)Z 3993 16385 3787 0 -1
ciMethod java/lang/String hashCode ()I 2985 32769 1373 0 -1
ciMethod java/lang/System arraycopy (Ljava/lang/Object;ILjava/lang/Object;II)V 11265 1 1408 0 -1
ciMethodData java/lang/String charAt (I)C 2 331729 orig 264 8 30 43 117 0 0 0 0 176 61 191 22 0 0 0 0 120 1 0 0 32 0 0 0 0 0 0 0 0 0 0 0 0 0 0 0 0 0 0 0 0 0 0 0 0 0 0 0 0 0 0 0 0 0 0 0 0 0 0 0 0 0 0 0 0 0 0 0 0 0 0 0 0 0 0 0 0 0 0 0 77 68 79 32 101 120 116 114 97 32 100 97 116 97 32 108 111 99 107 0 0 0 0 0 0 0 0 0 0 0 0 0 0 0 0 0 0 0 0 0 0 0 0 0 0 0 0 0 0 0 0 0 0 0 0 0 0 0 0 0 0 0 0 0 0 0 0 0 0 0 0 0 0 0 0 0 0 0 0 0 0 0 0 0 0 0 0 0 0 0 0 0 0 0 0 0 0 0 0 0 0 0 0 0 0 0 0 0 0 0 0 0 0 0 0 0 0 0 0 0 0 0 0 0 0 0 0 0 0 0 0 0 0 0 0 0 0 2 0 0 137 110 40 0 1 0 0 0 0 0 0 0 0 0 0 0 2 0 0 0 0 0 0 0 0 0 0 0 80 0 0 0 255 255 255 255 7 0 1 0 0 0 0 0 data 10 0x10007 0x0 0x40 0x50dd1 0xa0007 0x50dd1 0x30 0x0 0x120002 0x0 oops 0
ciMethodData java/lang/String length ()I 2 42543 orig 264 8 30 43 117 0 0 0 0 96 60 191 22 0 0 0 0 32 1 0 0 0 0 0 0 0 0 0 0 0 0 0 0 0 0 0 0 0 0 0 0 0 0 0 0 0 0 0 0 0 0 0 0 0 0 0 0 0 0 0 0 0 0 0 0 0 0 0 0 0 0 0 0 0 0 0 0 0 0 0 0 77 68 79 32 101 120 116 114 97 32 100 97 116 97 32 108 111 99 107 0 0 0 0 0 0 0 0 0 0 0 0 0 0 0 0 0 0 0 0 0 0 0 0 0 0 0 0 0 0 0 0 0 0 0 0 0 0 0 0 0 0 0 0 0 0 0 0 0 0 0 0 0 0 0 0 0 0 0 0 0 0 0 0 0 0 0 0 0 0 0 0 0 0 0 0 0 0 0 0 0 0 0 0 0 0 0 0 0 0 0 0 0 0 0 0 0 0 0 0 0 0 0 0 0 0 0 0 0 0 0 0 0 0 0 0 0 0 2 0 0 121 33 5 0 1 0 0 0 0 0 0 0 0 0 0 0 2 0 0 0 0 0 0 0 0 0 0 0 0 0 0 0 255 255 255 255 0 0 0 0 0 0 0 0 data 0 oops 0
ciMethodData java/lang/Object <init> ()V 2 109242 orig 264 8 30 43 117 0 0 0 0 128 4 191 22 0 0 0 0 32 1 0 0 0 0 0 0 0 0 0 0 0 0 0 0 0 0 0 0 0 0 0 0 0 0 0 0 0 0 0 0 0 0 0 0 0 0 0 0 0 0 0 0 0 0 0 0 0 0 0 0 0 0 0 0 0 0 0 0 0 0 0 0 77 68 79 32 101 120 116 114 97 32 100 97 116 97 32 108 111 99 107 0 0 0 0 0 0 0 0 0 0 0 0 0 0 0 0 0 0 0 0 0 0 0 0 0 0 0 0 0 0 0 0 0 0 0 0 0 0 0 0 0 0 0 0 0 0 0 0 0 0 0 0 0 0 0 0 0 0 0 0 0 0 0 0 0 0 0 0 0 0 0 0 0 0 0 0 0 0 0 0 0 0 0 0 0 1 0 0 0 0 0 0 0 1 0 0 0 0 0 0 0 1 0 0 0 0 0 0 0 0 0 0 0 0 0 0 0 0 2 0 0 209 69 13 0 1 0 0 0 0 0 0 0 0 0 0 0 2 0 0 0 0 0 3 0 1 0 0 0 0 0 0 0 255 255 255 255 0 0 0 0 0 0 0 0 data 0 oops 0
ciMethod jdk/internal/org/objectweb/asm/ClassWriter newUTF8 (Ljava/lang/String;)I 2153 1 5400 0 -1
ciMethod jdk/internal/org/objectweb/asm/ClassWriter get (Ljdk/internal/org/objectweb/asm/Item;)Ljdk/internal/org/objectweb/asm/Item; 2177 73 5449 0 256
ciMethod jdk/internal/org/objectweb/asm/ClassWriter put (Ljdk/internal/org/objectweb/asm/Item;)V 2753 1 5481 0 256
ciMethod jdk/internal/org/objectweb/asm/ByteVector putByte (I)Ljdk/internal/org/objectweb/asm/ByteVector; 2097 1 5395 0 224
ciMethod jdk/internal/org/objectweb/asm/ByteVector putUTF8 (Ljava/lang/String;)Ljdk/internal/org/objectweb/asm/ByteVector; 905 24577 938 0 1120
ciMethod jdk/internal/org/objectweb/asm/ByteVector encodeUTF8 (Ljava/lang/String;II)Ljdk/internal/org/objectweb/asm/ByteVector; 0 0 1 0 -1
ciMethod jdk/internal/org/objectweb/asm/ByteVector enlarge (I)V 217 1 807 0 0
ciMethod jdk/internal/org/objectweb/asm/Item <init> (ILjdk/internal/org/objectweb/asm/Item;)V 2241 1 5452 0 128
ciMethod jdk/internal/org/objectweb/asm/Item set (ILjava/lang/String;Ljava/lang/String;Ljava/lang/String;)V 2329 1 5867 0 2080
ciMethod jdk/internal/org/objectweb/asm/Item isEqualTo (Ljdk/internal/org/objectweb/asm/Item;)Z 425 1 3747 0 -1
ciMethodData jdk/internal/org/objectweb/asm/ByteVector putUTF8 (Ljava/lang/String;)Ljdk/internal/org/objectweb/asm/ByteVector; 2 30251 orig 264 8 30 43 117 0 0 0 0 16 161 249 22 0 0 0 0 208 2 0 0 128 0 0 0 0 0 0 0 0 0 0 0 0 0 0 0 0 0 0 0 0 0 0 0 0 0 0 0 0 0 0 0 0 0 0 0 0 0 0 0 0 0 0 0 0 0 0 0 0 0 0 0 0 0 0 0 0 0 0 0 77 68 79 32 101 120 116 114 97 32 100 97 116 97 32 108 111 99 107 0 0 0 0 0 0 0 0 0 0 0 0 0 0 0 0 0 0 0 0 0 0 0 0 0 0 0 0 0 0 0 0 0 0 0 0 0 0 0 0 0 0 0 0 0 0 0 0 0 0 0 0 0 0 0 0 0 0 0 0 0 0 0 0 0 0 0 0 0 0 0 0 0 0 0 0 0 0 0 0 0 0 0 0 0 0 0 0 0 0 0 0 0 0 0 0 0 0 0 0 0 0 0 0 0 0 0 0 0 0 0 0 0 0 0 0 0 0 12 0 0 201 25 0 0 89 81 3 0 0 0 0 0 0 0 0 0 2 0 0 0 1 0 23 0 2 0 0 0 128 1 0 0 255 255 255 255 5 0 1 0 0 0 0 0 data 48 0x10005 0x16 0x175c0730 0x323 0x0 0x0 0x80007 0x339 0x30 0x0 0xf0002 0x0 0x220007 0x290 0x30 0xa9 0x290002 0xa9 0x4d0007 0x339 0xf0 0x6a21 0x530005 0x205 0x175c0730 0x681c 0x0 0x0 0x5b0007 0x0 0x58 0x6a21 0x620007 0x0 0x38 0x6a21 0x6f0003 0x6a21 0x48 0x7d0005 0x0 0x0 0x0 0x0 0x0 0x840003 0x6a21 0xffffffffffffff28 oops 2 2 java/lang/String 24 java/lang/String
ciMethodData jdk/internal/org/objectweb/asm/ByteVector enlarge (I)V 1 807 orig 264 8 30 43 117 0 0 0 0 168 164 249 22 0 0 0 0 152 1 0 0 32 0 0 0 0 0 0 0 0 0 0 0 0 0 0 0 0 0 0 0 0 0 0 0 0 0 0 0 0 0 0 0 0 0 0 0 0 0 0 0 0 0 0 0 0 0 0 0 0 0 0 0 0 0 0 0 0 0 0 0 77 68 79 32 101 120 116 114 97 32 100 97 116 97 32 108 111 99 107 0 0 0 0 0 0 0 0 0 0 0 0 0 0 0 0 0 0 0 0 0 0 0 0 0 0 0 0 0 0 0 0 0 0 0 0 0 0 0 0 0 0 0 0 0 0 0 0 0 0 0 0 0 0 0 0 0 0 0 0 0 0 0 0 0 0 0 0 0 0 0 0 0 0 0 0 0 0 0 0 0 0 0 0 0 0 0 0 0 0 0 0 0 0 0 0 0 0 0 0 0 0 0 0 0 0 0 0 0 0 0 0 0 0 0 0 0 27 0 0 0 97 24 0 0 1 0 0 0 0 0 0 0 0 0 0 0 2 0 0 0 0 0 6 0 2 0 0 0 72 0 0 0 255 255 255 255 7 0 17 0 0 0 0 0 data 9 0x110007 0xe 0x38 0x2fe 0x150003 0x2fe 0x18 0x290002 0x30c oops 0
ciMethodData jdk/internal/org/objectweb/asm/ClassWriter get (Ljdk/internal/org/objectweb/asm/Item;)Ljdk/internal/org/objectweb/asm/Item; 2 5449 orig 264 8 30 43 117 0 0 0 0 80 113 249 22 0 0 0 0 248 1 0 0 112 0 0 0 0 0 0 0 0 0 0 0 0 0 0 0 0 0 0 0 0 0 0 0 0 0 0 0 0 0 0 0 0 0 0 0 0 0 0 0 0 0 0 0 0 0 0 0 0 0 0 0 0 0 0 0 0 0 0 0 77 68 79 32 101 120 116 114 97 32 100 97 116 97 32 108 111 99 107 0 0 0 0 0 0 0 0 0 0 0 0 0 0 0 0 0 0 0 0 0 0 0 0 0 0 0 0 0 0 0 0 0 0 0 0 0 0 0 0 0 0 0 0 0 0 0 0 0 0 0 0 0 0 0 0 0 0 0 0 0 0 0 0 0 0 0 0 0 0 0 0 0 0 0 0 0 0 0 0 0 0 0 0 0 0 0 0 0 0 0 0 0 0 0 0 0 0 0 0 0 0 0 0 0 0 0 0 0 0 0 0 0 0 0 0 0 16 1 0 0 201 161 0 0 225 8 0 0 0 0 0 0 0 0 0 0 2 0 0 0 1 0 12 0 2 0 0 0 168 0 0 0 255 255 255 255 7 0 17 0 0 0 0 0 data 21 0x110007 0xc39 0xa8 0x91c 0x1c0007 0xf1 0x70 0x82b 0x210005 0x3 0x1b819850 0x828 0x0 0x0 0x240007 0x800 0x38 0x2b 0x2c0003 0x11c 0xffffffffffffff70 oops 1 10 jdk/internal/org/objectweb/asm/Item
ciMethodData jdk/internal/org/objectweb/asm/Item isEqualTo (Ljdk/internal/org/objectweb/asm/Item;)Z 2 3747 orig 264 8 30 43 117 0 0 0 0 96 179 249 22 0 0 0 0 48 7 0 0 192 4 0 0 0 0 0 0 0 0 0 0 0 0 0 0 0 0 0 0 0 0 0 0 0 0 0 0 0 0 0 0 0 0 0 0 0 0 0 0 0 0 0 0 0 0 0 0 0 0 0 0 0 0 0 0 0 0 0 0 77 68 79 32 101 120 116 114 97 32 100 97 116 97 32 108 111 99 107 0 0 0 0 0 0 0 0 0 0 0 0 0 0 0 0 0 0 0 0 0 0 0 0 0 0 0 0 0 0 0 0 0 0 0 0 0 0 0 0 0 0 0 0 0 0 0 0 0 0 0 0 0 0 0 0 0 0 0 0 0 0 0 0 0 0 0 0 0 0 0 0 0 0 0 0 0 0 0 0 0 0 0 0 0 0 0 0 0 0 0 0 0 0 0 0 0 0 0 0 0 0 0 0 0 0 0 0 0 0 0 0 0 0 0 0 0 53 0 0 0 113 115 0 0 1 0 0 0 0 0 0 0 0 0 0 0 2 0 0 0 0 0 48 0 2 0 0 0 224 5 0 0 255 255 255 255 8 0 4 0 0 0 0 0 data 188 0x40008 0x42 0x0 0x4d8 0x8a 0x220 0x0 0x4d8 0x0 0x288 0x0 0x288 0x0 0x250 0x0 0x250 0x11 0x220 0x4 0x220 0x0 0x4d8 0x0 0x4d8 0x0 0x4d8 0x0 0x348 0x0 0x4d8 0x0 0x4d8 0x0 0x4d8 0x0 0x220 0x0 0x4d8 0x0 0x400 0x0 0x4d8 0x0 0x4d8 0x0 0x4d8 0x0 0x4d8 0x0 0x4d8 0x0 0x4d8 0x0 0x4d8 0x0 0x4d8 0x0 0x4d8 0x0 0x4d8 0x0 0x4d8 0xe7 0x220 0x0 0x2c0 0x0 0x250 0x9c0005 0x186 0x175c0730 0xb78 0x0 0x0 0xa90007 0x0 0x38 0x0 0xad0003 0x0 0x18 0xba0007 0x0 0x38 0x0 0xbe0003 0x0 0x18 0xcb0007 0x0 0x88 0x6 0xd60005 0x0 0x175c0730 0x6 0x0 0x0 0xd90007 0x0 0x38 0x6 0xdd0003 0x6 0x18 0xea0005 0x0 0x175c0730 0x6 0x0 0x0 0xed0007 0x5 0x88 0x1 0xf80005 0x0 0x175c0730 0x1 0x0 0x0 0xfb0007 0x0 0x38 0x1 0xff0003 0x1 0x18 0x10d0007 0x0 0xd8 0x0 0x1180005 0x0 0x0 0x0 0x0 0x0 0x11b0007 0x0 0x88 0x0 0x1260005 0x0 0x0 0x0 0x0 0x0 0x1290007 0x0 0x38 0x0 0x12d0003 0x0 0x18 0x13a0005 0x0 0x175c0730 0x164 0x0 0x0 0x13d0007 0xa 0xd8 0x15a 0x1480005 0x0 0x175c0730 0x15a 0x0 0x0 0x14b0007 0x0 0x88 0x15a 0x1560005 0x0 0x175c0730 0x15a 0x0 0x0 0x1590007 0x1 0x38 0x159 0x15d0003 0x159 0x18 oops 7 70 java/lang/String 94 java/lang/String 107 java/lang/String 117 java/lang/String 157 java/lang/String 167 java/lang/String 177 java/lang/String
ciMethodData jdk/internal/org/objectweb/asm/Item set (ILjava/lang/String;Ljava/lang/String;Ljava/lang/String;)V 2 5867 orig 264 8 30 43 117 0 0 0 0 224 175 249 22 0 0 0 0 8 3 0 0 224 0 0 0 0 0 0 0 0 0 0 0 0 0 0 0 0 0 0 0 0 0 0 0 0 0 0 0 0 0 0 0 0 0 0 0 0 0 0 0 0 0 0 0 0 0 0 0 0 0 0 0 0 0 0 0 0 0 0 0 77 68 79 32 101 120 116 114 97 32 100 97 116 97 32 108 111 99 107 0 0 0 0 0 0 0 0 0 0 0 0 0 0 0 0 0 0 0 0 0 0 0 0 0 0 0 0 0 0 0 0 0 0 0 0 0 0 0 0 0 0 0 0 0 0 0 0 0 0 0 0 0 0 0 0 0 0 0 0 0 0 0 0 0 0 0 0 0 0 0 0 0 0 0 0 0 0 0 0 0 0 0 0 0 0 0 0 0 0 0 0 0 0 0 0 0 0 0 0 0 0 0 0 0 0 0 0 0 0 0 0 0 0 0 0 0 33 1 0 0 65 174 0 0 1 0 0 0 0 0 0 0 0 0 0 0 2 0 0 0 0 0 8 0 2 0 0 0 160 1 0 0 255 255 255 255 8 0 22 0 0 0 0 0 data 52 0x160008 0xe 0x1 0x110 0xe 0x80 0x3 0x80 0x2 0x80 0x1 0xb0 0x0 0x80 0x3 0x80 0x5a0005 0x16 0x175c0730 0x121c 0x0 0x0 0x680005 0x1 0x175c0730 0x143 0x0 0x0 0x6c0005 0x1 0x175c0730 0x143 0x0 0x0 0x7b0005 0x1 0x175c0730 0x251 0x0 0x0 0x7f0005 0x1 0x175c0730 0x251 0x0 0x0 0x850005 0x1 0x175c0730 0x251 0x0 0x0 oops 6 18 java/lang/String 24 java/lang/String 30 java/lang/String 36 java/lang/String 42 java/lang/String 48 java/lang/String
ciMethodData jdk/internal/org/objectweb/asm/Item <init> (ILjdk/internal/org/objectweb/asm/Item;)V 2 5452 orig 264 8 30 43 117 0 0 0 0 248 171 249 22 0 0 0 0 64 1 0 0 0 0 0 0 0 0 0 0 0 0 0 0 0 0 0 0 0 0 0 0 0 0 0 0 0 0 0 0 0 0 0 0 0 0 0 0 0 0 0 0 0 0 0 0 0 0 0 0 0 0 0 0 0 0 0 0 0 0 0 0 77 68 79 32 101 120 116 114 97 32 100 97 116 97 32 108 111 99 107 0 0 0 0 0 0 0 0 0 0 0 0 0 0 0 0 0 0 0 0 0 0 0 0 0 0 0 0 0 0 0 0 0 0 0 0 0 0 0 0 0 0 0 0 0 0 0 0 0 0 0 0 0 0 0 0 0 0 0 0 0 0 0 0 0 0 0 0 0 0 0 0 0 0 0 0 0 0 0 0 0 0 0 0 0 0 0 0 0 0 0 0 0 0 0 0 0 0 0 0 0 0 0 0 0 0 0 0 0 0 0 0 0 0 0 0 0 22 1 0 0 161 161 0 0 1 0 0 0 0 0 0 0 0 0 0 0 2 0 0 0 0 0 3 0 2 0 0 0 16 0 0 0 255 255 255 255 2 0 1 0 0 0 0 0 data 2 0x10002 0x1434 oops 0
ciMethodData jdk/internal/org/objectweb/asm/ByteVector putByte (I)Ljdk/internal/org/objectweb/asm/ByteVector; 2 5395 orig 264 8 30 43 117 0 0 0 0 104 155 249 22 0 0 0 0 88 1 0 0 0 0 0 0 0 0 0 0 0 0 0 0 0 0 0 0 0 0 0 0 0 0 0 0 0 0 0 0 0 0 0 0 0 0 0 0 0 0 0 0 0 0 0 0 0 0 0 0 0 0 0 0 0 0 0 0 0 0 0 0 77 68 79 32 101 120 116 114 97 32 100 97 116 97 32 108 111 99 107 0 0 0 0 0 0 0 0 0 0 0 0 0 0 0 0 0 0 0 0 0 0 0 0 0 0 0 0 0 0 0 0 0 0 0 0 0 0 0 0 0 0 0 0 0 0 0 0 0 0 0 0 0 0 0 0 0 0 0 0 0 0 0 0 0 0 0 0 0 0 0 0 0 0 0 0 0 0 0 0 0 0 0 0 0 0 0 0 0 0 0 0 0 0 0 0 0 0 0 0 0 0 0 0 0 0 0 0 0 0 0 0 0 0 0 0 0 6 1 0 0 105 160 0 0 1 0 0 0 0 0 0 0 0 0 0 0 2 0 0 0 0 0 6 0 2 0 0 0 48 0 0 0 255 255 255 255 7 0 13 0 0 0 0 0 data 6 0xd0007 0x13ef 0x30 0x1e 0x120002 0x1e oops 0
ciMethodData jdk/internal/org/objectweb/asm/ClassWriter newUTF8 (Ljava/lang/String;)I 2 5403 orig 264 8 30 43 117 0 0 0 0 104 91 249 22 0 0 0 0 48 2 0 0 0 0 0 0 0 0 0 0 0 0 0 0 0 0 0 0 0 0 0 0 0 0 0 0 0 0 0 0 0 0 0 0 0 0 0 0 0 0 0 0 0 0 0 0 0 0 0 0 0 0 0 0 0 0 0 0 0 0 0 0 77 68 79 32 101 120 116 114 97 32 100 97 116 97 32 108 111 99 107 0 0 0 0 0 0 0 0 0 0 0 0 0 0 0 0 0 0 0 0 0 0 0 0 0 0 0 0 0 0 0 0 0 0 0 0 0 0 0 0 0 0 0 0 0 0 0 0 0 0 0 0 0 0 0 0 0 0 0 0 0 0 0 0 0 0 0 0 0 0 0 0 0 0 0 0 0 0 0 0 0 0 0 0 0 0 0 0 0 0 0 0 0 0 0 0 0 0 0 0 0 0 0 0 0 0 0 0 0 0 0 0 0 0 0 0 0 12 1 0 0 113 160 0 0 1 0 0 0 0 0 0 0 0 0 0 0 2 0 0 0 0 0 6 0 2 0 0 0 224 0 0 0 255 255 255 255 5 0 8 0 0 0 0 0 data 28 0x80005 0xb 0x1b819850 0x1403 0x0 0x0 0x100002 0x140e 0x150007 0x66f 0xa0 0xd9f 0x1d0005 0x0 0x1b819900 0xd9f 0x0 0x0 0x210005 0x0 0x1b819900 0xd9f 0x0 0x0 0x380002 0xd9f 0x3e0002 0xd9f oops 3 2 jdk/internal/org/objectweb/asm/Item 14 jdk/internal/org/objectweb/asm/ByteVector 20 jdk/internal/org/objectweb/asm/ByteVector
ciMethodData jdk/internal/org/objectweb/asm/ClassWriter put (Ljdk/internal/org/objectweb/asm/Item;)V 2 5481 orig 264 8 30 43 117 0 0 0 0 144 114 249 22 0 0 0 0 64 2 0 0 0 0 0 0 0 0 0 0 0 0 0 0 0 0 0 0 0 0 0 0 0 0 0 0 0 0 0 0 0 0 0 0 0 0 0 0 0 0 0 0 0 0 0 0 0 0 0 0 0 0 0 0 0 0 0 0 0 0 0 0 77 68 79 32 101 120 116 114 97 32 100 97 116 97 32 108 111 99 107 0 0 0 0 0 0 0 0 0 0 0 0 0 0 0 0 0 0 0 0 0 0 0 0 0 0 0 0 0 0 0 0 0 0 0 0 0 0 0 0 0 0 0 0 0 0 0 0 0 0 0 0 0 0 0 0 0 0 0 0 0 0 0 0 0 0 0 0 0 0 0 0 0 0 0 0 0 0 0 0 0 0 0 0 0 0 0 0 0 0 0 0 0 0 0 0 0 0 0 0 0 0 0 0 0 0 0 0 0 0 0 0 0 0 0 0 0 88 1 0 0 137 160 0 0 1 0 0 0 0 0 0 0 0 0 0 0 2 0 0 0 2 0 12 0 2 0 0 0 240 0 0 0 255 255 255 255 7 0 13 0 0 0 0 0 data 30 0xd0007 0x1411 0xc0 0x0 0x290007 0x0 0xa0 0x0 0x370007 0x0 0x68 0x0 0x5c0004 0x0 0x0 0x0 0x0 0x0 0x610003 0x0 0xffffffffffffffb0 0x670003 0x0 0xffffffffffffff78 0x960004 0x0 0x1b819850 0x1411 0x0 0x0 oops 1 26 jdk/internal/org/objectweb/asm/Item
instanceKlass com/yaoguang/appcommon/my/aboutus/BaseAboutUsDialog$$Lambda$1
instanceKlass android/app/Dialog
instanceKlass android/content/DialogInterface
instanceKlass com/yaoguang/appcommon/contact/CompanyDetailFragment$InitialView$$Lambda$1
instanceKlass com/yaoguang/appcommon/contact/CompanyDetailFragment$InitialView
instanceKlass com/yaoguang/appcommon/common/base/BaseSubmitProgressActivity$$Lambda$4
instanceKlass com/yaoguang/appcommon/common/base/BaseSubmitProgressActivity$$Lambda$3
instanceKlass com/yaoguang/appcommon/common/base/BaseSubmitProgressActivity$$Lambda$2
instanceKlass com/yaoguang/appcommon/common/base/BaseSubmitProgressActivity$$Lambda$1
instanceKlass com/yaoguang/appcommon/my/setting/pushsetting/BasePushSettingFragment$$Lambda$2
instanceKlass com/yaoguang/appcommon/my/setting/pushsetting/BasePushSettingFragment$$Lambda$1
instanceKlass java/lang/invoke/LambdaForm$DMH
instanceKlass com/umeng/message/IUmengCallback
instanceKlass com/yaoguang/interactor/driver/my/setting/SettingPresenter
instanceKlass com/yaoguang/interactor/driver/my/setting/SettingFragmentView
instanceKlass com/yaoguang/appcommon/common/base/SwipeRefresh$$Lambda$2
instanceKlass com/yaoguang/appcommon/common/base/SwipeRefresh$$Lambda$1
instanceKlass android/support/v4/widget/SwipeRefreshLayout$OnRefreshListener
instanceKlass com/yaoguang/appcommon/common/base/SwipeRefresh
instanceKlass com/yaoguang/appcommon/home/message/MessageChildFragment$InitialView$$Lambda$3
instanceKlass com/yaoguang/appcommon/home/message/MessageChildFragment$InitialView$$Lambda$2
instanceKlass com/yaoguang/appcommon/home/message/MessageChildFragment$InitialView$$Lambda$1
instanceKlass com/yaoguang/appcommon/home/message/MessageChildFragment$InitialView
instanceKlass com/yaoguang/appcommon/html/HtmlFragment$$Lambda$2
instanceKlass com/yaoguang/appcommon/html/HtmlFragment$$Lambda$1
instanceKlass java/lang/invoke/LambdaForm$DMH
instanceKlass android/webkit/WebChromeClient
instanceKlass android/webkit/WebViewClient
instanceKlass android/view/View$OnKeyListener
instanceKlass com/yaoguang/appcommon/contact/ContactChildFragment$$Lambda$2
instanceKlass com/yaoguang/appcommon/contact/ContactChildFragment$$Lambda$1
instanceKlass com/yaoguang/interactor/driver/contact/DContactChildPresenter
instanceKlass com/yaoguang/common/base/BasePresenter
instanceKlass android/support/v7/widget/RecyclerView$OnScrollListener
instanceKlass android/view/ViewTreeObserver$OnGlobalLayoutListener
instanceKlass com/yaoguang/interactor/driver/contact/view/DContactChildView
instanceKlass com/yaoguang/appcommon/home/weather/WeatherFragment$$Lambda$5
instanceKlass com/yaoguang/appcommon/home/weather/WeatherFragment$$Lambda$4
instanceKlass java/lang/invoke/LambdaForm$DMH
instanceKlass com/yaoguang/greendao/entity/Location
instanceKlass com/yaoguang/map/location/AMapLocation$Comeback
instanceKlass com/yaoguang/map/location/impl/LocationManager
instanceKlass com/yaoguang/map/location/AMapLocation
instanceKlass com/yaoguang/appcommon/home/weather/WeatherFragment$$Lambda$3
instanceKlass com/yaoguang/appcommon/home/weather/WeatherFragment$$Lambda$2
instanceKlass java/lang/invoke/LambdaForm$DMH
instanceKlass com/yaoguang/appcommon/home/weather/WeatherFragment$$Lambda$1
instanceKlass java/lang/invoke/LambdaForm$DMH
instanceKlass android/support/v7/widget/RecyclerView$SmoothScroller$ScrollVectorProvider
instanceKlass android/support/v7/widget/helper/ItemTouchHelper$ViewDropHandler
instanceKlass android/support/v7/widget/RecyclerView$LayoutManager
instanceKlass android/view/View$OnScrollChangeListener
instanceKlass com/yaoguang/appcommon/my/setting/BaseSettingFragment$InitialView$$Lambda$1
instanceKlass com/yaoguang/appcommon/my/setting/BaseSettingFragment$InitialView
instanceKlass com/yaoguang/appcommon/activitys/login/BaseLoginActivity$InitialView$$Lambda$4
instanceKlass com/yaoguang/appcommon/activitys/login/BaseLoginActivity$InitialView$$Lambda$3
instanceKlass com/yaoguang/appcommon/activitys/login/BaseLoginActivity$InitialView$$Lambda$2
instanceKlass com/yaoguang/appcommon/activitys/login/BaseLoginActivity$InitialView$$Lambda$1
instanceKlass com/yaoguang/interactor/common/login/LoginContact$LoginPresenter
instanceKlass com/yaoguang/interactor/common/login/LoginContact$LoginView
instanceKlass com/yaoguang/common/base/BaseSubmitProgressView
instanceKlass com/yaoguang/appcommon/activitys/login/BaseLoginActivity$InitialView
instanceKlass com/yaoguang/appcommon/search/SearchFragment$$Lambda$1
instanceKlass java/lang/invoke/LambdaForm$DMH
instanceKlass com/zhy/view/flowlayout/TagAdapter
instanceKlass com/yaoguang/interactor/common/search/SearchContact$SearchPresenter
instanceKlass com/yaoguang/appcommon/common/base/BaseFragmentList$OnRecyclerViewCallback
instanceKlass android/view/LayoutInflater
instanceKlass com/yaoguang/interactor/common/search/SearchContact$SearchView
instanceKlass com/yaoguang/interfaces/BaseListView
instanceKlass com/yaoguang/appcommon/home/message/adapter/MessageChildAdapter$$Lambda$3
instanceKlass java/lang/invoke/LambdaForm$DMH
instanceKlass com/yaoguang/appcommon/home/message/adapter/MessageChildAdapter$$Lambda$2
instanceKlass java/lang/invoke/LambdaForm$DMH
instanceKlass com/yaoguang/appcommon/home/message/adapter/MessageChildAdapter$$Lambda$1
instanceKlass java/lang/invoke/LambdaForm$DMH
instanceKlass android/support/v7/widget/RecyclerView$ViewHolder
instanceKlass com/yaoguang/appcommon/common/view/EditTextActivity$$Lambda$1
instanceKlass android/view/ViewGroup$LayoutParams
instanceKlass me/yokeyword/fragmentation/anim/FragmentAnimator
instanceKlass android/content/res/Resources
instanceKlass android/os/Handler
instanceKlass net/orfjackal/retrolambda/asm/Handler
instanceKlass com/yaoguang/appcommon/common/base/basemap/BaseHomeMapFragment$$Lambda$1
instanceKlass android/location/Location
instanceKlass com/amap/api/maps/AMap$OnMyLocationChangeListener
instanceKlass com/yaoguang/appcommon/common/base/BaseFragmentList$$Lambda$2
instanceKlass com/yaoguang/appcommon/common/base/BaseFragmentList$$Lambda$1
instanceKlass com/lcodecore/tkrefreshlayout/IBottomView
instanceKlass com/lcodecore/tkrefreshlayout/IHeaderView
instanceKlass com/lcodecore/tkrefreshlayout/RefreshListenerAdapter
instanceKlass com/lcodecore/tkrefreshlayout/PullListener
instanceKlass com/yaoguang/appcommon/common/base/BaseSubmitProgressFragment$$Lambda$4
instanceKlass com/yaoguang/appcommon/common/base/BaseSubmitProgressFragment$$Lambda$3
instanceKlass com/yaoguang/appcommon/common/base/BaseSubmitProgressFragment$$Lambda$2
instanceKlass com/yaoguang/appcommon/common/base/BaseSubmitProgressFragment$$Lambda$1
instanceKlass java/util/TimerTask
instanceKlass com/yaoguang/appcommon/register/BaseRegisterEndFragment$InitialView$$Lambda$1
instanceKlass com/yaoguang/appcommon/register/BaseRegisterEndFragment$InitialView
instanceKlass com/yaoguang/appcommon/my/BasePersonalCenterFragment$$Lambda$1
instanceKlass java/lang/invoke/LambdaForm$DMH
instanceKlass com/alibaba/sdk/android/media/upload/UploadListener$BaseUploadListener
instanceKlass com/alibaba/sdk/android/media/upload/UploadListener
instanceKlass com/yaoguang/interactor/common/my/PersonalCenterContact$PersonalCenterPresenter
instanceKlass com/yaoguang/common/base/BasePresenter
instanceKlass com/jph/takephoto/app/TakePhoto
instanceKlass com/jph/takephoto/permission/InvokeListener
instanceKlass com/jph/takephoto/app/TakePhoto$TakeResultListener
instanceKlass com/yaoguang/interactor/common/my/PersonalCenterContact$PersonalCenterView
instanceKlass com/yaoguang/appcommon/contact/ContactSearchFragment$InitialView$$Lambda$2
instanceKlass com/yaoguang/appcommon/contact/ContactSearchFragment$InitialView$$Lambda$1
instanceKlass java/lang/invoke/LambdaForm$DMH
instanceKlass com/yaoguang/interactor/driver/contact/view/DCompanyDetailView
instanceKlass com/yaoguang/interactor/driver/contact/view/DContactSearchView
instanceKlass com/yaoguang/interfaces/BaseListViewV2
instanceKlass com/yaoguang/common/base/BaseView
instanceKlass com/yaoguang/common/adapter/BaseLoadMoreRecyclerAdapter$OnRecyclerViewItemClickListener
instanceKlass com/yaoguang/appcommon/contact/ContactSearchFragment$InitialView
instanceKlass com/yaoguang/appcommon/common/view/EditTextFragment$$Lambda$3
instanceKlass com/yaoguang/appcommon/common/view/EditTextFragment$$Lambda$2
instanceKlass java/lang/invoke/LambdaForm$DMH
instanceKlass com/yaoguang/appcommon/BaseMainActivity$MyDispatchTouchEvent
instanceKlass com/yaoguang/appcommon/common/view/EditTextFragment$$Lambda$1
instanceKlass io/reactivex/Observer
instanceKlass android/support/v7/app/ActionBarDrawerToggle$DelegateProvider
instanceKlass android/support/v4/app/TaskStackBuilder$SupportParentable
instanceKlass android/support/v7/app/AppCompatCallback
instanceKlass android/hardware/SensorEventListener
instanceKlass com/yaoguang/appcommon/common/utils/CommonDialog$Listener
instanceKlass net/orfjackal/retrolambda/asm/Opcodes
instanceKlass com/yaoguang/appcommon/activitys/register/BaseRegisterOneFragment$InitialView$$Lambda$3
instanceKlass com/yaoguang/appcommon/activitys/register/BaseRegisterOneFragment$InitialView$$Lambda$2
instanceKlass com/yaoguang/appcommon/activitys/register/BaseRegisterOneFragment$InitialView$$Lambda$1
instanceKlass android/text/TextWatcher
instanceKlass android/text/NoCopySpan
instanceKlass android/view/View$OnFocusChangeListener
instanceKlass com/yaoguang/appcommon/activitys/register/BaseRegisterOneFragment$InitialView
instanceKlass com/yaoguang/appcommon/common/base/BaseMainFragment$$Lambda$1
instanceKlass android/view/animation/Animation$AnimationListener
instanceKlass me/yokeyword/fragmentation/SupportTransaction
instanceKlass android/support/v4/app/LoaderManager
instanceKlass android/support/v4/app/FragmentContainer
instanceKlass android/support/v4/view/LayoutInflaterFactory
instanceKlass android/support/v4/app/FragmentManager
instanceKlass android/support/v4/app/Fragment
instanceKlass me/yokeyword/fragmentation/ISupportFragment
instanceKlass me/yokeyword/fragmentation/ISupport
instanceKlass net/orfjackal/retrolambda/util/Bytecode
instanceKlass com/yaoguang/appcommon/order/BaseOrderFragment$InitialView$$Lambda$32
instanceKlass java/lang/invoke/LambdaForm$DMH
instanceKlass com/mingle/entity/MenuEntity
instanceKlass com/mingle/sweetpick/SweetSheet$OnMenuItemClickListener
instanceKlass com/yaoguang/appcommon/order/BaseOrderFragment$InitialView$$Lambda$31
instanceKlass com/yaoguang/appcommon/order/BaseOrderFragment$InitialView$$Lambda$30
instanceKlass com/yaoguang/appcommon/order/BaseOrderFragment$InitialView$$Lambda$29
instanceKlass com/yaoguang/appcommon/order/BaseOrderFragment$InitialView$$Lambda$28
instanceKlass com/yaoguang/appcommon/order/BaseOrderFragment$InitialView$$Lambda$27
instanceKlass com/yaoguang/appcommon/order/BaseOrderFragment$InitialView$$Lambda$26
instanceKlass com/yaoguang/appcommon/order/BaseOrderFragment$InitialView$$Lambda$25
instanceKlass com/yaoguang/appcommon/order/BaseOrderFragment$InitialView$$Lambda$24
instanceKlass com/yaoguang/appcommon/order/BaseOrderFragment$InitialView$$Lambda$23
instanceKlass com/yaoguang/appcommon/order/BaseOrderFragment$InitialView$$Lambda$22
instanceKlass com/yaoguang/appcommon/order/BaseOrderFragment$InitialView$$Lambda$21
instanceKlass com/yaoguang/appcommon/order/BaseOrderFragment$InitialView$$Lambda$20
instanceKlass com/yaoguang/appcommon/order/BaseOrderFragment$InitialView$$Lambda$19
instanceKlass com/yaoguang/appcommon/order/BaseOrderFragment$InitialView$$Lambda$18
instanceKlass sun/reflect/ClassDefiner$1
instanceKlass sun/reflect/ClassDefiner
instanceKlass sun/reflect/MethodAccessorGenerator$1
instanceKlass sun/reflect/Label$PatchInfo
instanceKlass sun/reflect/Label
instanceKlass sun/reflect/UTF8
instanceKlass sun/reflect/ClassFileAssembler
instanceKlass sun/reflect/ByteVectorImpl
instanceKlass sun/reflect/ByteVector
instanceKlass sun/reflect/ByteVectorFactory
instanceKlass sun/reflect/AccessorGenerator
instanceKlass sun/reflect/ClassFileConstants
instanceKlass com/yaoguang/appcommon/order/BaseOrderFragment$InitialView$$Lambda$17
instanceKlass com/yaoguang/appcommon/order/BaseOrderFragment$InitialView$$Lambda$16
instanceKlass com/yaoguang/appcommon/order/BaseOrderFragment$InitialView$$Lambda$15
instanceKlass com/yaoguang/appcommon/order/BaseOrderFragment$InitialView$$Lambda$14
instanceKlass com/yaoguang/appcommon/order/BaseOrderFragment$InitialView$$Lambda$13
instanceKlass com/yaoguang/appcommon/order/BaseOrderFragment$InitialView$$Lambda$12
instanceKlass com/yaoguang/appcommon/order/BaseOrderFragment$InitialView$$Lambda$11
instanceKlass com/yaoguang/appcommon/order/BaseOrderFragment$InitialView$$Lambda$10
instanceKlass com/yaoguang/appcommon/order/BaseOrderFragment$InitialView$$Lambda$9
instanceKlass com/yaoguang/appcommon/order/BaseOrderFragment$InitialView$$Lambda$8
instanceKlass com/yaoguang/appcommon/order/BaseOrderFragment$InitialView$$Lambda$7
instanceKlass com/yaoguang/appcommon/order/BaseOrderFragment$InitialView$$Lambda$6
instanceKlass java/lang/invoke/LambdaForm$DMH
instanceKlass android/widget/Checkable
instanceKlass android/widget/CompoundButton$OnCheckedChangeListener
instanceKlass com/yaoguang/appcommon/order/BaseOrderFragment$InitialView$$Lambda$5
instanceKlass java/lang/invoke/LambdaForm$DMH
instanceKlass com/yaoguang/appcommon/order/BaseOrderFragment$InitialView$$Lambda$4
instanceKlass java/lang/invoke/LambdaForm$DMH
instanceKlass com/yaoguang/appcommon/order/BaseOrderFragment$InitialView$$Lambda$1
instanceKlass sun/nio/fs/WindowsChannelFactory$2
instanceKlass sun/nio/fs/AbstractPath$1
instanceKlass java/util/Collections$EmptyIterator
instanceKlass sun/nio/fs/WindowsPath$1
instanceKlass net/orfjackal/retrolambda/interfaces/ClassHierarchyAnalyzer$$Lambda$3
instanceKlass java/lang/invoke/LambdaForm$DMH
instanceKlass net/orfjackal/retrolambda/lambdas/LambdaFactoryMethod
instanceKlass java/lang/invoke/LambdaForm$MH
instanceKlass net/orfjackal/retrolambda/Transformers$$Lambda$2
instanceKlass java/util/regex/ASCII
instanceKlass java/util/regex/Matcher
instanceKlass java/util/regex/MatchResult
instanceKlass java/lang/invoke/LambdaForm$MH
instanceKlass java/lang/invoke/LambdaForm$BMH
instanceKlass java/lang/invoke/LambdaForm$BMH
instanceKlass java/lang/invoke/LambdaForm$BMH
instanceKlass java/lang/invoke/LambdaForm$BMH
instanceKlass java/lang/invoke/LambdaForm$BMH
instanceKlass java/lang/invoke/LambdaForm$BMH
instanceKlass java/lang/invoke/LambdaForm$MH
instanceKlass java/lang/invoke/LambdaForm$MH
instanceKlass java/lang/invoke/LambdaForm$DMH
instanceKlass java/lang/invoke/LambdaForm$DMH
instanceKlass java/lang/invoke/LambdaForm$MH
instanceKlass java/lang/invoke/LambdaForm$DMH
instanceKlass java/lang/invoke/LambdaForm$DMH
instanceKlass java/lang/invoke/MethodHandleImpl$ArrayAccessor
instanceKlass java/lang/invoke/LambdaForm$MH
instanceKlass java/lang/invoke/LambdaForm$DMH
instanceKlass java/lang/invoke/LambdaForm$DMH
instanceKlass com/mingle/sweetpick/Effect
instanceKlass com/mingle/sweetpick/Delegate
instanceKlass android/view/View$OnClickListener
instanceKlass android/support/v4/app/ActivityCompatApi23$RequestPermissionsRequestCodeValidator
instanceKlass android/support/v4/app/ActivityCompat$OnRequestPermissionsResultCallback
instanceKlass android/content/Context
instanceKlass android/content/ComponentCallbacks2
instanceKlass android/content/ComponentCallbacks
instanceKlass android/view/View$OnCreateContextMenuListener
instanceKlass android/view/Window$Callback
instanceKlass android/view/LayoutInflater$Factory2
instanceKlass android/view/LayoutInflater$Factory
instanceKlass android/view/ViewTreeObserver$OnPreDrawListener
instanceKlass android/support/v7/widget/RecyclerView$Adapter
instanceKlass android/support/v7/widget/Toolbar$OnMenuItemClickListener
instanceKlass java/nio/file/attribute/FileTime
instanceKlass java/util/zip/ZipUtils
instanceKlass android/view/InputEvent
instanceKlass android/os/Parcelable
instanceKlass android/view/View
instanceKlass android/view/accessibility/AccessibilityEventSource
instanceKlass android/view/KeyEvent$Callback
instanceKlass android/graphics/drawable/Drawable$Callback
instanceKlass android/view/View$OnTouchListener
instanceKlass net/orfjackal/retrolambda/lambdas/Types
instanceKlass java/util/concurrent/LinkedBlockingDeque$Node
instanceKlass com/yaoguang/appcommon/order/BaseOrderFragment$InitialView
instanceKlass net/orfjackal/retrolambda/asm/Handle
instanceKlass net/orfjackal/retrolambda/asm/Edge
instanceKlass net/orfjackal/retrolambda/asm/Frame
instanceKlass net/orfjackal/retrolambda/Transformers$$Lambda$2
instanceKlass net/orfjackal/retrolambda/Transformers$$Lambda$1
instanceKlass net/orfjackal/retrolambda/asm/Label
instanceKlass net/orfjackal/retrolambda/asm/Item
instanceKlass net/orfjackal/retrolambda/asm/ByteVector
instanceKlass net/orfjackal/retrolambda/Transformers$$Lambda$2
instanceKlass java/lang/invoke/LambdaForm$DMH
instanceKlass java/lang/invoke/LambdaForm$MH
instanceKlass net/orfjackal/retrolambda/Transformers$$Lambda$1
instanceKlass net/orfjackal/retrolambda/Transformers$ClassVisitorChain
instanceKlass java/util/LinkedHashMap$LinkedHashIterator
instanceKlass net/orfjackal/retrolambda/asm/tree/InsnList
instanceKlass net/orfjackal/retrolambda/asm/tree/AbstractInsnNode
instanceKlass java/util/regex/Pattern$Node
instanceKlass java/util/regex/Pattern
instanceKlass net/orfjackal/retrolambda/lambdas/LambdaNaming
instanceKlass net/orfjackal/retrolambda/asm/tree/InnerClassNode
instanceKlass java/lang/invoke/ProxyClassesDumper
instanceKlass net/orfjackal/retrolambda/asm/AnnotationVisitor
instanceKlass net/orfjackal/retrolambda/asm/MethodVisitor
instanceKlass net/orfjackal/retrolambda/interfaces/ClassHierarchyAnalyzer$$Lambda$6
instanceKlass java/util/stream/ReduceOps$Box
instanceKlass java/util/stream/ReduceOps$AccumulatingSink
instanceKlass java/util/stream/TerminalSink
instanceKlass java/util/stream/ReduceOps$ReduceOp
instanceKlass java/util/stream/TerminalOp
instanceKlass java/util/stream/ReduceOps
instanceKlass java/util/stream/Collectors$$Lambda$5
instanceKlass java/util/stream/Collectors$$Lambda$4
instanceKlass java/util/function/BinaryOperator
instanceKlass java/util/function/BiFunction
instanceKlass java/util/stream/Collectors$$Lambda$3
instanceKlass java/util/function/BiConsumer
instanceKlass java/lang/invoke/LambdaForm$DMH
instanceKlass java/util/stream/Collectors$$Lambda$2
instanceKlass java/util/function/Supplier
instanceKlass java/lang/invoke/LambdaForm$DMH
instanceKlass java/util/stream/Collectors$CollectorImpl
instanceKlass java/util/stream/Collector
instanceKlass java/util/stream/Collectors
instanceKlass java/lang/invoke/LambdaForm$MH
instanceKlass java/lang/invoke/LambdaForm$MH
instanceKlass java/lang/invoke/InnerClassLambdaMetafactory$1
instanceKlass net/orfjackal/retrolambda/interfaces/ClassHierarchyAnalyzer$$Lambda$1
instanceKlass java/lang/invoke/InfoFromMemberName
instanceKlass java/lang/invoke/MethodHandleInfo
instanceKlass sun/security/action/GetBooleanAction
instanceKlass sun/security/util/SecurityConstants
instanceKlass java/security/AccessController$1
instanceKlass java/lang/invoke/AbstractValidatingLambdaMetafactory
instanceKlass java/lang/invoke/LambdaForm$BMH
instanceKlass java/lang/invoke/LambdaForm$BMH
instanceKlass java/lang/invoke/LambdaForm$BMH
instanceKlass java/lang/invoke/LambdaForm$BMH
instanceKlass sun/reflect/UnsafeFieldAccessorFactory
instanceKlass jdk/internal/org/objectweb/asm/FieldVisitor
instanceKlass java/lang/invoke/BoundMethodHandle$Factory$1
instanceKlass java/lang/invoke/BoundMethodHandle$SpeciesData$1
instanceKlass java/lang/invoke/LambdaForm$BMH
instanceKlass java/lang/invoke/LambdaForm$MH
instanceKlass java/lang/invoke/LambdaForm$BMH
instanceKlass java/lang/invoke/LambdaForm$MH
instanceKlass java/lang/invoke/LambdaForm$DMH
instanceKlass java/lang/invoke/LambdaForm$DMH
instanceKlass java/lang/invoke/LambdaForm$BMH
instanceKlass java/lang/invoke/LambdaForm$BMH
instanceKlass java/lang/invoke/LambdaForm$MH
instanceKlass java/lang/invoke/LambdaFormBuffer
instanceKlass java/lang/invoke/LambdaFormEditor
instanceKlass java/lang/invoke/LambdaForm$BMH
instanceKlass java/lang/invoke/LambdaForm$DMH
instanceKlass java/lang/invoke/LambdaForm$DMH
instanceKlass java/lang/invoke/LambdaForm$DMH
instanceKlass java/lang/invoke/LambdaForm$DMH
instanceKlass java/lang/invoke/LambdaForm$MH
instanceKlass java/lang/invoke/LambdaForm$DMH
instanceKlass java/lang/invoke/LambdaForm$DMH
instanceKlass java/lang/invoke/LambdaForm$MH
instanceKlass java/lang/invoke/LambdaForm$DMH
instanceKlass java/lang/invoke/LambdaForm$DMH
instanceKlass java/lang/invoke/LambdaForm$MH
instanceKlass java/lang/invoke/LambdaForm$DMH
instanceKlass java/lang/invoke/LambdaForm$DMH
instanceKlass java/lang/invoke/LambdaForm$MH
instanceKlass java/lang/invoke/LambdaForm$DMH
instanceKlass java/lang/invoke/LambdaForm$DMH
instanceKlass java/lang/invoke/LambdaForm$MH
instanceKlass java/lang/invoke/LambdaForm$DMH
instanceKlass java/lang/invoke/LambdaForm$MH
instanceKlass java/lang/invoke/LambdaForm$DMH
instanceKlass java/lang/invoke/LambdaForm$DMH
instanceKlass java/lang/invoke/LambdaForm$MH
instanceKlass java/lang/invoke/LambdaForm$DMH
instanceKlass java/lang/invoke/LambdaForm$DMH
instanceKlass java/lang/invoke/LambdaForm$MH
instanceKlass java/lang/invoke/LambdaForm$DMH
instanceKlass java/lang/invoke/LambdaForm$MH
instanceKlass java/lang/invoke/LambdaForm$DMH
instanceKlass java/lang/invoke/LambdaForm$MH
instanceKlass java/lang/invoke/LambdaForm$DMH
instanceKlass java/lang/invoke/LambdaForm$DMH
instanceKlass java/lang/invoke/MethodHandleImpl$Lazy
instanceKlass java/lang/invoke/LambdaForm$BMH
instanceKlass java/lang/invoke/LambdaForm$MH
instanceKlass java/lang/invoke/LambdaForm$DMH
instanceKlass java/lang/invoke/LambdaForm$DMH
instanceKlass java/lang/invoke/LambdaForm$DMH
instanceKlass java/util/function/Predicate
instanceKlass java/lang/invoke/LambdaForm$DMH
instanceKlass java/lang/invoke/LambdaForm$DMH
instanceKlass java/util/SubList$1
instanceKlass java/lang/invoke/LambdaForm$MH
instanceKlass java/lang/invoke/LambdaForm$MH
instanceKlass java/lang/invoke/LambdaForm$MH
instanceKlass java/lang/invoke/LambdaForm$MH
instanceKlass java/lang/invoke/LambdaForm$MH
instanceKlass java/lang/invoke/LambdaForm$MH
instanceKlass java/lang/invoke/LambdaForm$MH
instanceKlass java/lang/invoke/LambdaForm$MH
instanceKlass java/lang/invoke/LambdaForm$MH
instanceKlass java/lang/invoke/LambdaForm$MH
instanceKlass java/lang/invoke/LambdaForm$MH
instanceKlass java/lang/invoke/LambdaForm$MH
instanceKlass java/lang/invoke/InvokerBytecodeGenerator$CpPatch
instanceKlass java/lang/invoke/LambdaForm$DMH
instanceKlass java/lang/invoke/LambdaForm$DMH
instanceKlass java/lang/invoke/LambdaForm$DMH
instanceKlass java/lang/invoke/LambdaForm$DMH
instanceKlass java/lang/invoke/LambdaForm$DMH
instanceKlass sun/invoke/empty/Empty
instanceKlass sun/invoke/util/VerifyType
instanceKlass java/lang/invoke/InvokerBytecodeGenerator$2
instanceKlass jdk/internal/org/objectweb/asm/AnnotationVisitor
instanceKlass jdk/internal/org/objectweb/asm/Frame
instanceKlass jdk/internal/org/objectweb/asm/Label
instanceKlass jdk/internal/org/objectweb/asm/Type
instanceKlass jdk/internal/org/objectweb/asm/MethodVisitor
instanceKlass jdk/internal/org/objectweb/asm/Item
instanceKlass jdk/internal/org/objectweb/asm/ByteVector
instanceKlass jdk/internal/org/objectweb/asm/ClassVisitor
instanceKlass java/lang/invoke/InvokerBytecodeGenerator
instanceKlass java/util/Collections$UnmodifiableCollection$1
instanceKlass java/lang/invoke/DirectMethodHandle$Lazy
instanceKlass sun/invoke/util/BytecodeDescriptor
instanceKlass java/lang/invoke/BoundMethodHandle$Factory
instanceKlass java/lang/invoke/BoundMethodHandle$SpeciesData
instanceKlass java/lang/invoke/LambdaForm$NamedFunction
instanceKlass java/lang/invoke/LambdaForm$Name
instanceKlass sun/invoke/util/ValueConversions
instanceKlass sun/invoke/util/VerifyAccess
instanceKlass java/lang/Long$LongCache
instanceKlass java/lang/Character$CharacterCache
instanceKlass java/lang/Short$ShortCache
instanceKlass java/lang/Byte$ByteCache
instanceKlass sun/invoke/util/Wrapper$Format
instanceKlass java/lang/invoke/MethodHandles
instanceKlass java/lang/invoke/Invokers
instanceKlass java/lang/invoke/MethodTypeForm
instanceKlass java/lang/invoke/MethodType$ConcurrentWeakInternSet
instanceKlass java/lang/invoke/MethodHandles$Lookup
instanceKlass java/lang/invoke/LambdaMetafactory
instanceKlass java/util/HashMap$HashMapSpliterator
instanceKlass net/orfjackal/retrolambda/lambdas/Handles
instanceKlass net/orfjackal/retrolambda/interfaces/MethodSignature
instanceKlass net/orfjackal/retrolambda/interfaces/MethodInfo
instanceKlass net/orfjackal/retrolambda/interfaces/MethodRef
instanceKlass net/orfjackal/retrolambda/asm/FieldVisitor
instanceKlass net/orfjackal/retrolambda/asm/Context
instanceKlass net/orfjackal/retrolambda/asm/Attribute
instanceKlass net/orfjackal/retrolambda/interfaces/MethodKind
instanceKlass net/orfjackal/retrolambda/util/Flags
instanceKlass net/orfjackal/retrolambda/asm/Type
instanceKlass java/util/Optional
instanceKlass net/orfjackal/retrolambda/interfaces/ClassInfo
instanceKlass net/orfjackal/retrolambda/asm/ClassReader
instanceKlass java/nio/DirectByteBuffer$Deallocator
instanceKlass sun/nio/ch/Util$BufferCache
instanceKlass sun/nio/ch/Util
instanceKlass sun/nio/ch/IOStatus
instanceKlass sun/nio/ch/NativeThread
instanceKlass java/nio/channels/spi/AbstractInterruptibleChannel$1
instanceKlass sun/nio/ch/Interruptible
instanceKlass java/nio/channels/Channels
instanceKlass sun/nio/ch/FileDispatcherImpl$1
instanceKlass sun/nio/ch/NativeDispatcher
instanceKlass sun/nio/ch/NativeThreadSet
instanceKlass sun/nio/ch/IOUtil$1
instanceKlass sun/nio/ch/IOUtil
instanceKlass java/nio/channels/spi/AbstractInterruptibleChannel
instanceKlass java/nio/channels/InterruptibleChannel
instanceKlass java/nio/channels/ScatteringByteChannel
instanceKlass java/nio/channels/GatheringByteChannel
instanceKlass java/nio/channels/SeekableByteChannel
instanceKlass java/nio/channels/ByteChannel
instanceKlass java/nio/channels/WritableByteChannel
instanceKlass java/nio/channels/ReadableByteChannel
instanceKlass java/nio/channels/Channel
instanceKlass java/util/HashMap$HashIterator
instanceKlass sun/nio/fs/WindowsChannelFactory$Flags
instanceKlass sun/nio/fs/WindowsChannelFactory$1
instanceKlass sun/nio/fs/WindowsChannelFactory
instanceKlass sun/nio/fs/WindowsSecurityDescriptor
instanceKlass java/nio/file/attribute/FileAttribute
instanceKlass sun/nio/fs/BasicFileAttributesHolder
instanceKlass java/nio/file/Files$3
instanceKlass java/nio/file/FileTreeWalker$Event
instanceKlass sun/nio/fs/WindowsDirectoryStream$WindowsDirectoryIterator
instanceKlass java/nio/file/FileTreeWalker$DirectoryNode
instanceKlass sun/nio/fs/WindowsDirectoryStream
instanceKlass java/nio/file/DirectoryStream
instanceKlass java/nio/file/Files$AcceptAllFilter
instanceKlass java/nio/file/DirectoryStream$Filter
instanceKlass java/util/RegularEnumSet$EnumSetIterator
instanceKlass java/nio/file/FileTreeWalker
instanceKlass java/nio/file/SimpleFileVisitor
instanceKlass java/util/concurrent/locks/AbstractQueuedSynchronizer$ConditionObject
instanceKlass java/util/concurrent/locks/Condition
instanceKlass java/util/concurrent/locks/AbstractQueuedSynchronizer$Node
instanceKlass java/util/concurrent/locks/AbstractOwnableSynchronizer
instanceKlass java/util/concurrent/BlockingDeque
instanceKlass java/util/concurrent/BlockingQueue
instanceKlass net/orfjackal/retrolambda/lambdas/LambdaReifier
instanceKlass net/orfjackal/retrolambda/lambdas/LambdaClassDumper
instanceKlass net/orfjackal/retrolambda/Transformers
instanceKlass net/orfjackal/retrolambda/files/ClassSaver
instanceKlass net/orfjackal/retrolambda/asm/ClassVisitor
instanceKlass net/orfjackal/retrolambda/interfaces/ClassHierarchyAnalyzer
instanceKlass sun/nio/fs/WindowsUriSupport
instanceKlass java/util/stream/Sink$ChainedReference
instanceKlass java/util/stream/Nodes$ArrayNode
instanceKlass java/util/stream/Node$Builder
instanceKlass java/util/stream/Sink
instanceKlass java/util/function/Consumer
instanceKlass java/util/stream/Node$OfDouble
instanceKlass java/util/stream/Node$OfLong
instanceKlass java/util/stream/Node$OfInt
instanceKlass java/util/stream/Node$OfPrimitive
instanceKlass java/util/stream/Nodes$EmptyNode
instanceKlass java/util/stream/Node
instanceKlass java/util/stream/Nodes
instanceKlass net/orfjackal/retrolambda/Retrolambda$$Lambda$5
instanceKlass java/util/function/IntFunction
instanceKlass net/orfjackal/retrolambda/Retrolambda$$Lambda$4
instanceKlass net/orfjackal/retrolambda/Retrolambda$$Lambda$1
instanceKlass java/lang/Class$4
instanceKlass java/util/EnumMap$1
instanceKlass java/util/stream/StreamOpFlag$MaskBuilder
instanceKlass java/util/stream/PipelineHelper
instanceKlass java/util/stream/StreamSupport
instanceKlass java/util/Spliterators$ArraySpliterator
instanceKlass java/util/Spliterator$OfDouble
instanceKlass java/util/Spliterator$OfLong
instanceKlass java/util/Spliterator$OfInt
instanceKlass java/util/Spliterator$OfPrimitive
instanceKlass java/util/Spliterators$EmptySpliterator
instanceKlass java/util/Spliterator
instanceKlass java/util/Spliterators
instanceKlass java/util/ArrayList$SubList$1
instanceKlass java/util/ListIterator
instanceKlass sun/nio/fs/WindowsNativeDispatcher$BackupResult
instanceKlass sun/nio/fs/WindowsNativeDispatcher$CompletionStatus
instanceKlass sun/nio/fs/WindowsNativeDispatcher$AclInformation
instanceKlass sun/nio/fs/WindowsNativeDispatcher$Account
instanceKlass sun/nio/fs/WindowsNativeDispatcher$DiskFreeSpace
instanceKlass sun/nio/fs/WindowsNativeDispatcher$VolumeInformation
instanceKlass sun/nio/fs/WindowsNativeDispatcher$FirstStream
instanceKlass sun/nio/fs/WindowsNativeDispatcher$FirstFile
instanceKlass sun/nio/fs/WindowsNativeDispatcher$1
instanceKlass sun/nio/fs/WindowsNativeDispatcher
instanceKlass sun/nio/fs/NativeBuffer$Deallocator
instanceKlass sun/nio/fs/NativeBuffer
instanceKlass sun/nio/fs/NativeBuffers
instanceKlass sun/nio/fs/WindowsFileAttributes
instanceKlass java/nio/file/attribute/DosFileAttributes
instanceKlass sun/nio/fs/AbstractBasicFileAttributeView
instanceKlass sun/nio/fs/DynamicFileAttributeView
instanceKlass sun/nio/fs/WindowsFileAttributeViews
instanceKlass java/nio/file/attribute/BasicFileAttributeView
instanceKlass java/nio/file/attribute/FileAttributeView
instanceKlass java/nio/file/attribute/AttributeView
instanceKlass java/nio/file/attribute/BasicFileAttributes
instanceKlass java/nio/file/Files
instanceKlass java/nio/file/CopyOption
instanceKlass java/nio/file/OpenOption
instanceKlass sun/nio/fs/AbstractPath
instanceKlass java/net/URI$Parser
instanceKlass java/net/URI
instanceKlass sun/nio/fs/Util
instanceKlass sun/nio/fs/WindowsPathParser$Result
instanceKlass sun/nio/fs/WindowsPathParser
instanceKlass java/util/AbstractList$Itr
instanceKlass java/nio/file/FileSystem
instanceKlass java/nio/file/spi/FileSystemProvider
instanceKlass sun/nio/fs/DefaultFileSystemProvider
instanceKlass java/nio/file/FileSystems$DefaultFileSystemHolder$1
instanceKlass java/nio/file/FileSystems$DefaultFileSystemHolder
instanceKlass java/nio/file/FileSystems
instanceKlass java/nio/file/Paths
instanceKlass java/nio/file/FileVisitor
instanceKlass net/orfjackal/retrolambda/Retrolambda
instanceKlass java/util/ArrayList$Itr
instanceKlass net/orfjackal/retrolambda/Config
instanceKlass java/util/stream/Stream
instanceKlass java/util/stream/BaseStream
instanceKlass java/util/Properties$LineReader
instanceKlass sun/net/www/protocol/jar/JarFileFactory
instanceKlass sun/net/www/protocol/jar/URLJarFile$URLJarFileCloseController
instanceKlass java/net/URLClassLoader$2
instanceKlass sun/misc/Launcher$BootClassPathHolder$1
instanceKlass sun/misc/Launcher$BootClassPathHolder
instanceKlass java/lang/Void
instanceKlass java/lang/Class$MethodArray
instanceKlass sun/launcher/LauncherHelper$FXHelper
instanceKlass net/orfjackal/retrolambda/Main
instanceKlass java/lang/invoke/MethodHandleStatics$1
instanceKlass java/lang/invoke/MethodHandleStatics
instanceKlass java/lang/invoke/MemberName$Factory
instanceKlass java/lang/ClassValue$Version
instanceKlass java/lang/ClassValue$Identity
instanceKlass java/lang/ClassValue
instanceKlass java/lang/invoke/MethodHandleImpl$3
instanceKlass java/lang/invoke/MethodHandleImpl$2
instanceKlass java/util/function/Function
instanceKlass java/lang/invoke/MethodHandleImpl$1
instanceKlass java/lang/invoke/MethodHandleImpl
instanceKlass net/orfjackal/retrolambda/lambdas/LambdaClassSaverAgent
instanceKlass sun/instrument/InstrumentationImpl$1
instanceKlass net/orfjackal/retrolambda/lambdas/LambdaClassSaver
instanceKlass java/lang/instrument/ClassFileTransformer
instanceKlass net/orfjackal/retrolambda/PreMain
instanceKlass java/io/FilePermission$1
instanceKlass sun/net/www/MessageHeader
instanceKlass java/net/URLConnection
instanceKlass java/security/PermissionCollection
instanceKlass sun/nio/ByteBuffered
instanceKlass sun/security/util/ManifestEntryVerifier
instanceKlass sun/security/util/SignatureFileVerifier
instanceKlass java/lang/Package
instanceKlass java/util/jar/JarVerifier$3
instanceKlass java/security/CodeSigner
instanceKlass java/util/jar/JarVerifier
instanceKlass java/util/jar/Attributes$Name
